2015-10-07 14:08:18,565 [Worker-14] INFO  o.e.m.c.i.p.ProjectConfigurationManager - Collecting project info '/pom.xml' D:\JT\valgri_java_2015\se01\pom.xml
2015-10-07 14:08:22,682 [Worker-14] INFO  o.e.m.c.i.l.LifecycleMappingFactory - Using org.eclipse.m2e.jdt.JarLifecycleMapping lifecycle mapping for MavenProject: by.epam.grodno.trainig.2015.val.gri:se01:0.0.1-SNAPSHOT @ D:\JT\valgri_java_2015\se01\pom.xml.
2015-10-07 14:08:24,104 [Worker-14] INFO  o.e.m.j.i.AbstractJavaProjectConfigurator - Adding source folder /se01/src/main/java
2015-10-07 14:08:24,110 [Worker-14] INFO  o.e.m.j.i.AbstractJavaProjectConfigurator - Adding source folder /se01/src/test/java
2015-10-07 14:08:27,357 [Worker-14] INFO  o.e.m.c.i.p.ProjectConfigurationManager - Imported and configured 1 project(s) in 8 sec
2015-10-07 14:08:29,101 [Worker-29] INFO  o.e.m.c.i.embedder.EclipseLogger - Using 'UTF-8' encoding to copy filtered resources.
2015-10-07 14:08:29,103 [Worker-29] INFO  o.e.m.c.i.embedder.EclipseLogger - skip non existing resourceDirectory D:\JT\valgri_java_2015\se01\src\main\resources
2015-10-07 14:08:29,108 [Worker-29] INFO  o.e.m.c.i.embedder.EclipseLogger - Using 'UTF-8' encoding to copy filtered resources.
2015-10-07 14:08:29,109 [Worker-29] INFO  o.e.m.c.i.embedder.EclipseLogger - skip non existing resourceDirectory D:\JT\valgri_java_2015\se01\src\test\resources
2015-10-07 14:15:15,549 [Worker-29] INFO  o.e.m.c.i.embedder.EclipseLogger - Using 'UTF-8' encoding to copy filtered resources.
2015-10-07 14:15:15,550 [Worker-29] INFO  o.e.m.c.i.embedder.EclipseLogger - skip non existing resourceDirectory D:\JT\valgri_java_2015\se01\src\main\resources
2015-10-07 14:15:15,568 [Worker-29] INFO  o.e.m.c.i.embedder.EclipseLogger - Using 'UTF-8' encoding to copy filtered resources.
2015-10-07 14:15:15,568 [Worker-29] INFO  o.e.m.c.i.embedder.EclipseLogger - skip non existing resourceDirectory D:\JT\valgri_java_2015\se01\src\test\resources
2015-10-07 14:16:05,424 [Worker-31] INFO  o.e.m.c.i.embedder.EclipseLogger - Using 'UTF-8' encoding to copy filtered resources.
2015-10-07 14:16:05,424 [Worker-31] INFO  o.e.m.c.i.embedder.EclipseLogger - skip non existing resourceDirectory D:\JT\valgri_java_2015\se01\src\main\resources
2015-10-07 14:16:05,424 [Worker-31] INFO  o.e.m.c.i.embedder.EclipseLogger - Using 'UTF-8' encoding to copy filtered resources.
2015-10-07 14:16:05,439 [Worker-31] INFO  o.e.m.c.i.embedder.EclipseLogger - skip non existing resourceDirectory D:\JT\valgri_java_2015\se01\src\test\resources
2015-10-07 14:19:18,768 [Worker-29] INFO  o.e.m.c.i.embedder.EclipseLogger - Using 'UTF-8' encoding to copy filtered resources.
2015-10-07 14:19:18,768 [Worker-29] INFO  o.e.m.c.i.embedder.EclipseLogger - skip non existing resourceDirectory D:\JT\valgri_java_2015\se01\src\main\resources
2015-10-07 14:19:18,783 [Worker-29] INFO  o.e.m.c.i.embedder.EclipseLogger - Using 'UTF-8' encoding to copy filtered resources.
2015-10-07 14:19:18,783 [Worker-29] INFO  o.e.m.c.i.embedder.EclipseLogger - skip non existing resourceDirectory D:\JT\valgri_java_2015\se01\src\test\resources
2015-10-07 14:20:02,703 [main] INFO  o.e.m2e.actions.ExecutePomAction - Creating new launch configuration
2015-10-07 14:21:47,347 [Worker-8] INFO  o.e.m.c.i.embedder.EclipseLogger - Using 'UTF-8' encoding to copy filtered resources.
2015-10-07 14:21:47,352 [Worker-8] INFO  o.e.m.c.i.embedder.EclipseLogger - skip non existing resourceDirectory D:\JT\valgri_java_2015\se01\src\main\resources
2015-10-07 14:21:47,355 [Worker-8] INFO  o.e.m.c.i.embedder.EclipseLogger - Using 'UTF-8' encoding to copy filtered resources.
2015-10-07 14:21:47,356 [Worker-8] INFO  o.e.m.c.i.embedder.EclipseLogger - skip non existing resourceDirectory D:\JT\valgri_java_2015\se01\src\test\resources
2015-10-07 14:22:56,107 [Worker-8] INFO  o.e.m.c.i.embedder.EclipseLogger - Using 'UTF-8' encoding to copy filtered resources.
2015-10-07 14:22:56,108 [Worker-8] INFO  o.e.m.c.i.embedder.EclipseLogger - skip non existing resourceDirectory D:\JT\valgri_java_2015\se01\src\main\resources
2015-10-07 14:22:56,115 [Worker-8] INFO  o.e.m.c.i.embedder.EclipseLogger - Using 'UTF-8' encoding to copy filtered resources.
2015-10-07 14:22:56,116 [Worker-8] INFO  o.e.m.c.i.embedder.EclipseLogger - skip non existing resourceDirectory D:\JT\valgri_java_2015\se01\src\test\resources
2015-10-07 14:23:42,135 [Worker-11] INFO  o.e.m.c.i.embedder.EclipseLogger - Using 'UTF-8' encoding to copy filtered resources.
2015-10-07 14:23:42,137 [Worker-11] INFO  o.e.m.c.i.embedder.EclipseLogger - skip non existing resourceDirectory D:\JT\valgri_java_2015\se01\src\main\resources
2015-10-07 14:23:42,145 [Worker-11] INFO  o.e.m.c.i.embedder.EclipseLogger - Using 'UTF-8' encoding to copy filtered resources.
2015-10-07 14:23:42,148 [Worker-11] INFO  o.e.m.c.i.embedder.EclipseLogger - skip non existing resourceDirectory D:\JT\valgri_java_2015\se01\src\test\resources
2015-10-07 14:24:15,411 [Worker-4] INFO  o.e.m.c.i.embedder.EclipseLogger - Using 'UTF-8' encoding to copy filtered resources.
2015-10-07 14:24:15,411 [Worker-4] INFO  o.e.m.c.i.embedder.EclipseLogger - skip non existing resourceDirectory D:\JT\valgri_java_2015\se01\src\main\resources
2015-10-07 14:24:15,413 [Worker-4] INFO  o.e.m.c.i.embedder.EclipseLogger - Using 'UTF-8' encoding to copy filtered resources.
2015-10-07 14:24:15,414 [Worker-4] INFO  o.e.m.c.i.embedder.EclipseLogger - skip non existing resourceDirectory D:\JT\valgri_java_2015\se01\src\test\resources
2015-10-07 14:25:07,591 [Worker-11] INFO  o.e.m.c.i.embedder.EclipseLogger - Using 'UTF-8' encoding to copy filtered resources.
2015-10-07 14:25:07,592 [Worker-11] INFO  o.e.m.c.i.embedder.EclipseLogger - skip non existing resourceDirectory D:\JT\valgri_java_2015\se01\src\main\resources
2015-10-07 14:25:07,595 [Worker-11] INFO  o.e.m.c.i.embedder.EclipseLogger - Using 'UTF-8' encoding to copy filtered resources.
2015-10-07 14:25:07,595 [Worker-11] INFO  o.e.m.c.i.embedder.EclipseLogger - skip non existing resourceDirectory D:\JT\valgri_java_2015\se01\src\test\resources
2015-10-07 14:27:38,646 [Worker-13] INFO  o.e.m.c.i.embedder.EclipseLogger - Using 'UTF-8' encoding to copy filtered resources.
2015-10-07 14:27:38,647 [Worker-13] INFO  o.e.m.c.i.embedder.EclipseLogger - skip non existing resourceDirectory D:\JT\valgri_java_2015\se01\src\main\resources
2015-10-07 14:27:38,651 [Worker-13] INFO  o.e.m.c.i.embedder.EclipseLogger - Using 'UTF-8' encoding to copy filtered resources.
2015-10-07 14:27:38,651 [Worker-13] INFO  o.e.m.c.i.embedder.EclipseLogger - skip non existing resourceDirectory D:\JT\valgri_java_2015\se01\src\test\resources
2015-10-07 14:28:06,943 [Worker-8] INFO  o.e.m.c.i.embedder.EclipseLogger - Using 'UTF-8' encoding to copy filtered resources.
2015-10-07 14:28:06,943 [Worker-8] INFO  o.e.m.c.i.embedder.EclipseLogger - skip non existing resourceDirectory D:\JT\valgri_java_2015\se01\src\main\resources
2015-10-07 14:28:06,947 [Worker-8] INFO  o.e.m.c.i.embedder.EclipseLogger - Using 'UTF-8' encoding to copy filtered resources.
2015-10-07 14:28:06,948 [Worker-8] INFO  o.e.m.c.i.embedder.EclipseLogger - skip non existing resourceDirectory D:\JT\valgri_java_2015\se01\src\test\resources
2015-10-07 14:39:34,997 [Worker-18] INFO  o.e.m.c.i.embedder.EclipseLogger - Using 'UTF-8' encoding to copy filtered resources.
2015-10-07 14:39:35,009 [Worker-18] INFO  o.e.m.c.i.embedder.EclipseLogger - skip non existing resourceDirectory D:\JT\valgri_java_2015\se01\src\main\resources
2015-10-07 14:39:35,018 [Worker-18] INFO  o.e.m.c.i.embedder.EclipseLogger - Using 'UTF-8' encoding to copy filtered resources.
2015-10-07 14:39:35,019 [Worker-18] INFO  o.e.m.c.i.embedder.EclipseLogger - skip non existing resourceDirectory D:\JT\valgri_java_2015\se01\src\test\resources
2015-10-07 14:42:22,853 [Worker-18] INFO  o.e.m.c.i.embedder.EclipseLogger - Using 'UTF-8' encoding to copy filtered resources.
2015-10-07 14:42:22,853 [Worker-18] INFO  o.e.m.c.i.embedder.EclipseLogger - skip non existing resourceDirectory D:\JT\valgri_java_2015\se01\src\main\resources
2015-10-07 14:42:22,856 [Worker-18] INFO  o.e.m.c.i.embedder.EclipseLogger - Using 'UTF-8' encoding to copy filtered resources.
2015-10-07 14:42:22,856 [Worker-18] INFO  o.e.m.c.i.embedder.EclipseLogger - skip non existing resourceDirectory D:\JT\valgri_java_2015\se01\src\test\resources
2015-10-07 21:22:57,203 [Worker-44] INFO  o.e.m.c.i.embedder.EclipseLogger - Using 'UTF-8' encoding to copy filtered resources.
2015-10-07 21:22:57,204 [Worker-44] INFO  o.e.m.c.i.embedder.EclipseLogger - skip non existing resourceDirectory D:\JT\valgri_java_2015\se01\src\main\resources
2015-10-07 21:22:57,207 [Worker-44] INFO  o.e.m.c.i.embedder.EclipseLogger - Using 'UTF-8' encoding to copy filtered resources.
2015-10-07 21:22:57,208 [Worker-44] INFO  o.e.m.c.i.embedder.EclipseLogger - skip non existing resourceDirectory D:\JT\valgri_java_2015\se01\src\test\resources
2015-10-07 21:34:04,944 [Worker-44] INFO  o.e.m.c.i.embedder.EclipseLogger - Using 'UTF-8' encoding to copy filtered resources.
2015-10-07 21:34:04,944 [Worker-44] INFO  o.e.m.c.i.embedder.EclipseLogger - skip non existing resourceDirectory D:\JT\valgri_java_2015\se01\src\main\resources
2015-10-07 21:34:04,947 [Worker-44] INFO  o.e.m.c.i.embedder.EclipseLogger - Using 'UTF-8' encoding to copy filtered resources.
2015-10-07 21:34:04,947 [Worker-44] INFO  o.e.m.c.i.embedder.EclipseLogger - skip non existing resourceDirectory D:\JT\valgri_java_2015\se01\src\test\resources
2015-10-07 21:35:51,839 [Worker-46] INFO  o.e.m.c.i.embedder.EclipseLogger - Using 'UTF-8' encoding to copy filtered resources.
2015-10-07 21:35:51,840 [Worker-46] INFO  o.e.m.c.i.embedder.EclipseLogger - skip non existing resourceDirectory D:\JT\valgri_java_2015\se01\src\main\resources
2015-10-07 21:35:51,844 [Worker-46] INFO  o.e.m.c.i.embedder.EclipseLogger - Using 'UTF-8' encoding to copy filtered resources.
2015-10-07 21:35:51,845 [Worker-46] INFO  o.e.m.c.i.embedder.EclipseLogger - skip non existing resourceDirectory D:\JT\valgri_java_2015\se01\src\test\resources
2015-10-07 21:36:53,493 [Worker-42] INFO  o.e.m.c.i.embedder.EclipseLogger - Using 'UTF-8' encoding to copy filtered resources.
2015-10-07 21:36:53,496 [Worker-42] INFO  o.e.m.c.i.embedder.EclipseLogger - skip non existing resourceDirectory D:\JT\valgri_java_2015\se01\src\main\resources
2015-10-07 21:36:53,498 [Worker-42] INFO  o.e.m.c.i.embedder.EclipseLogger - Using 'UTF-8' encoding to copy filtered resources.
2015-10-07 21:36:53,499 [Worker-42] INFO  o.e.m.c.i.embedder.EclipseLogger - skip non existing resourceDirectory D:\JT\valgri_java_2015\se01\src\test\resources
2015-10-07 21:37:16,020 [Worker-47] INFO  o.e.m.c.i.embedder.EclipseLogger - Using 'UTF-8' encoding to copy filtered resources.
2015-10-07 21:37:16,020 [Worker-47] INFO  o.e.m.c.i.embedder.EclipseLogger - skip non existing resourceDirectory D:\JT\valgri_java_2015\se01\src\main\resources
2015-10-07 21:37:16,022 [Worker-47] INFO  o.e.m.c.i.embedder.EclipseLogger - Using 'UTF-8' encoding to copy filtered resources.
2015-10-07 21:37:16,023 [Worker-47] INFO  o.e.m.c.i.embedder.EclipseLogger - skip non existing resourceDirectory D:\JT\valgri_java_2015\se01\src\test\resources
2015-10-07 21:38:32,867 [Worker-48] INFO  o.e.m.c.i.embedder.EclipseLogger - Using 'UTF-8' encoding to copy filtered resources.
2015-10-07 21:38:32,867 [Worker-48] INFO  o.e.m.c.i.embedder.EclipseLogger - skip non existing resourceDirectory D:\JT\valgri_java_2015\se01\src\main\resources
2015-10-07 21:38:32,870 [Worker-48] INFO  o.e.m.c.i.embedder.EclipseLogger - Using 'UTF-8' encoding to copy filtered resources.
2015-10-07 21:38:32,870 [Worker-48] INFO  o.e.m.c.i.embedder.EclipseLogger - skip non existing resourceDirectory D:\JT\valgri_java_2015\se01\src\test\resources
2015-10-07 21:47:22,785 [Worker-46] INFO  o.e.m.c.i.embedder.EclipseLogger - Using 'UTF-8' encoding to copy filtered resources.
2015-10-07 21:47:22,785 [Worker-46] INFO  o.e.m.c.i.embedder.EclipseLogger - skip non existing resourceDirectory D:\JT\valgri_java_2015\se01\src\main\resources
2015-10-07 21:47:22,791 [Worker-46] INFO  o.e.m.c.i.embedder.EclipseLogger - Using 'UTF-8' encoding to copy filtered resources.
2015-10-07 21:47:22,792 [Worker-46] INFO  o.e.m.c.i.embedder.EclipseLogger - skip non existing resourceDirectory D:\JT\valgri_java_2015\se01\src\test\resources
2015-10-07 21:51:06,807 [Worker-51] INFO  o.e.m.c.i.embedder.EclipseLogger - Using 'UTF-8' encoding to copy filtered resources.
2015-10-07 21:51:06,807 [Worker-51] INFO  o.e.m.c.i.embedder.EclipseLogger - skip non existing resourceDirectory D:\JT\valgri_java_2015\se01\src\main\resources
2015-10-07 21:51:06,813 [Worker-51] INFO  o.e.m.c.i.embedder.EclipseLogger - Using 'UTF-8' encoding to copy filtered resources.
2015-10-07 21:51:06,813 [Worker-51] INFO  o.e.m.c.i.embedder.EclipseLogger - skip non existing resourceDirectory D:\JT\valgri_java_2015\se01\src\test\resources
2015-10-07 21:53:52,781 [Worker-50] INFO  o.e.m.c.i.embedder.EclipseLogger - Using 'UTF-8' encoding to copy filtered resources.
2015-10-07 21:53:52,782 [Worker-50] INFO  o.e.m.c.i.embedder.EclipseLogger - skip non existing resourceDirectory D:\JT\valgri_java_2015\se01\src\main\resources
2015-10-07 21:53:52,786 [Worker-50] INFO  o.e.m.c.i.embedder.EclipseLogger - Using 'UTF-8' encoding to copy filtered resources.
2015-10-07 21:53:52,787 [Worker-50] INFO  o.e.m.c.i.embedder.EclipseLogger - skip non existing resourceDirectory D:\JT\valgri_java_2015\se01\src\test\resources
2015-10-07 21:57:15,487 [Worker-42] INFO  o.e.m.c.i.embedder.EclipseLogger - Using 'UTF-8' encoding to copy filtered resources.
2015-10-07 21:57:15,487 [Worker-42] INFO  o.e.m.c.i.embedder.EclipseLogger - skip non existing resourceDirectory D:\JT\valgri_java_2015\se01\src\main\resources
2015-10-07 21:57:15,514 [Worker-42] INFO  o.e.m.c.i.embedder.EclipseLogger - Using 'UTF-8' encoding to copy filtered resources.
2015-10-07 21:57:15,515 [Worker-42] INFO  o.e.m.c.i.embedder.EclipseLogger - skip non existing resourceDirectory D:\JT\valgri_java_2015\se01\src\test\resources
2015-10-07 21:57:42,915 [Worker-51] INFO  o.e.m.c.i.embedder.EclipseLogger - Using 'UTF-8' encoding to copy filtered resources.
2015-10-07 21:57:42,915 [Worker-51] INFO  o.e.m.c.i.embedder.EclipseLogger - skip non existing resourceDirectory D:\JT\valgri_java_2015\se01\src\main\resources
2015-10-07 21:57:42,917 [Worker-51] INFO  o.e.m.c.i.embedder.EclipseLogger - Using 'UTF-8' encoding to copy filtered resources.
2015-10-07 21:57:42,918 [Worker-51] INFO  o.e.m.c.i.embedder.EclipseLogger - skip non existing resourceDirectory D:\JT\valgri_java_2015\se01\src\test\resources
2015-10-08 10:21:38,083 [Worker-78] INFO  o.e.m.c.i.embedder.EclipseLogger - Using 'UTF-8' encoding to copy filtered resources.
2015-10-08 10:21:38,085 [Worker-78] INFO  o.e.m.c.i.embedder.EclipseLogger - skip non existing resourceDirectory D:\JT\valgri_java_2015\se01\src\main\resources
2015-10-08 10:21:38,087 [Worker-78] INFO  o.e.m.c.i.embedder.EclipseLogger - Using 'UTF-8' encoding to copy filtered resources.
2015-10-08 10:21:38,087 [Worker-78] INFO  o.e.m.c.i.embedder.EclipseLogger - skip non existing resourceDirectory D:\JT\valgri_java_2015\se01\src\test\resources
2015-10-08 12:30:13,751 [Worker-91] INFO  o.e.m.c.i.embedder.EclipseLogger - Using 'UTF-8' encoding to copy filtered resources.
2015-10-08 12:30:13,752 [Worker-91] INFO  o.e.m.c.i.embedder.EclipseLogger - skip non existing resourceDirectory D:\JT\valgri_java_2015\se01\src\main\resources
2015-10-08 12:30:13,755 [Worker-91] INFO  o.e.m.c.i.embedder.EclipseLogger - Using 'UTF-8' encoding to copy filtered resources.
2015-10-08 12:30:13,757 [Worker-91] INFO  o.e.m.c.i.embedder.EclipseLogger - skip non existing resourceDirectory D:\JT\valgri_java_2015\se01\src\test\resources
2015-10-08 12:31:35,208 [Worker-93] INFO  o.e.m.c.i.embedder.EclipseLogger - Using 'UTF-8' encoding to copy filtered resources.
2015-10-08 12:31:35,208 [Worker-93] INFO  o.e.m.c.i.embedder.EclipseLogger - skip non existing resourceDirectory D:\JT\valgri_java_2015\se01\src\main\resources
2015-10-08 12:31:35,211 [Worker-93] INFO  o.e.m.c.i.embedder.EclipseLogger - Using 'UTF-8' encoding to copy filtered resources.
2015-10-08 12:31:35,211 [Worker-93] INFO  o.e.m.c.i.embedder.EclipseLogger - skip non existing resourceDirectory D:\JT\valgri_java_2015\se01\src\test\resources
2015-10-08 12:35:34,251 [Worker-96] INFO  o.e.m.c.i.embedder.EclipseLogger - Using 'UTF-8' encoding to copy filtered resources.
2015-10-08 12:35:34,251 [Worker-96] INFO  o.e.m.c.i.embedder.EclipseLogger - skip non existing resourceDirectory D:\JT\valgri_java_2015\se01\src\main\resources
2015-10-08 12:35:34,255 [Worker-96] INFO  o.e.m.c.i.embedder.EclipseLogger - Using 'UTF-8' encoding to copy filtered resources.
2015-10-08 12:35:34,255 [Worker-96] INFO  o.e.m.c.i.embedder.EclipseLogger - skip non existing resourceDirectory D:\JT\valgri_java_2015\se01\src\test\resources
2015-10-08 12:37:31,029 [Worker-91] INFO  o.e.m.c.i.embedder.EclipseLogger - Using 'UTF-8' encoding to copy filtered resources.
2015-10-08 12:37:31,029 [Worker-91] INFO  o.e.m.c.i.embedder.EclipseLogger - skip non existing resourceDirectory D:\JT\valgri_java_2015\se01\src\main\resources
2015-10-08 12:37:31,031 [Worker-91] INFO  o.e.m.c.i.embedder.EclipseLogger - Using 'UTF-8' encoding to copy filtered resources.
2015-10-08 12:37:31,032 [Worker-91] INFO  o.e.m.c.i.embedder.EclipseLogger - skip non existing resourceDirectory D:\JT\valgri_java_2015\se01\src\test\resources
2015-10-08 12:38:47,710 [Worker-97] INFO  o.e.m.c.i.embedder.EclipseLogger - Using 'UTF-8' encoding to copy filtered resources.
2015-10-08 12:38:47,710 [Worker-97] INFO  o.e.m.c.i.embedder.EclipseLogger - skip non existing resourceDirectory D:\JT\valgri_java_2015\se01\src\main\resources
2015-10-08 12:38:47,713 [Worker-97] INFO  o.e.m.c.i.embedder.EclipseLogger - Using 'UTF-8' encoding to copy filtered resources.
2015-10-08 12:38:47,714 [Worker-97] INFO  o.e.m.c.i.embedder.EclipseLogger - skip non existing resourceDirectory D:\JT\valgri_java_2015\se01\src\test\resources
2015-10-08 12:39:34,102 [Worker-93] INFO  o.e.m.c.i.embedder.EclipseLogger - Using 'UTF-8' encoding to copy filtered resources.
2015-10-08 12:39:34,102 [Worker-93] INFO  o.e.m.c.i.embedder.EclipseLogger - skip non existing resourceDirectory D:\JT\valgri_java_2015\se01\src\main\resources
2015-10-08 12:39:34,105 [Worker-93] INFO  o.e.m.c.i.embedder.EclipseLogger - Using 'UTF-8' encoding to copy filtered resources.
2015-10-08 12:39:34,105 [Worker-93] INFO  o.e.m.c.i.embedder.EclipseLogger - skip non existing resourceDirectory D:\JT\valgri_java_2015\se01\src\test\resources
2015-10-08 12:39:52,107 [Worker-94] INFO  o.e.m.c.i.embedder.EclipseLogger - Using 'UTF-8' encoding to copy filtered resources.
2015-10-08 12:39:52,108 [Worker-94] INFO  o.e.m.c.i.embedder.EclipseLogger - skip non existing resourceDirectory D:\JT\valgri_java_2015\se01\src\main\resources
2015-10-08 12:39:52,110 [Worker-94] INFO  o.e.m.c.i.embedder.EclipseLogger - Using 'UTF-8' encoding to copy filtered resources.
2015-10-08 12:39:52,110 [Worker-94] INFO  o.e.m.c.i.embedder.EclipseLogger - skip non existing resourceDirectory D:\JT\valgri_java_2015\se01\src\test\resources
2015-10-08 12:40:41,626 [Worker-91] INFO  o.e.m.c.i.embedder.EclipseLogger - Using 'UTF-8' encoding to copy filtered resources.
2015-10-08 12:40:41,627 [Worker-91] INFO  o.e.m.c.i.embedder.EclipseLogger - skip non existing resourceDirectory D:\JT\valgri_java_2015\se01\src\main\resources
2015-10-08 12:40:41,637 [Worker-91] INFO  o.e.m.c.i.embedder.EclipseLogger - Using 'UTF-8' encoding to copy filtered resources.
2015-10-08 12:40:41,638 [Worker-91] INFO  o.e.m.c.i.embedder.EclipseLogger - skip non existing resourceDirectory D:\JT\valgri_java_2015\se01\src\test\resources
2015-10-08 12:53:14,630 [Worker-101] INFO  o.e.m.c.i.embedder.EclipseLogger - Using 'UTF-8' encoding to copy filtered resources.
2015-10-08 12:53:14,630 [Worker-101] INFO  o.e.m.c.i.embedder.EclipseLogger - skip non existing resourceDirectory D:\JT\valgri_java_2015\se01\src\main\resources
2015-10-08 12:53:14,632 [Worker-101] INFO  o.e.m.c.i.embedder.EclipseLogger - Using 'UTF-8' encoding to copy filtered resources.
2015-10-08 12:53:14,633 [Worker-101] INFO  o.e.m.c.i.embedder.EclipseLogger - skip non existing resourceDirectory D:\JT\valgri_java_2015\se01\src\test\resources
2015-10-08 13:46:30,660 [Worker-100] INFO  o.e.m.c.i.embedder.EclipseLogger - Using 'UTF-8' encoding to copy filtered resources.
2015-10-08 13:46:30,675 [Worker-100] INFO  o.e.m.c.i.embedder.EclipseLogger - skip non existing resourceDirectory D:\JT\valgri_java_2015\se01\src\main\resources
2015-10-08 13:46:30,678 [Worker-100] INFO  o.e.m.c.i.embedder.EclipseLogger - Using 'UTF-8' encoding to copy filtered resources.
2015-10-08 13:46:30,678 [Worker-100] INFO  o.e.m.c.i.embedder.EclipseLogger - skip non existing resourceDirectory D:\JT\valgri_java_2015\se01\src\test\resources
2015-10-08 14:19:50,441 [Worker-112] INFO  o.e.m.c.i.embedder.EclipseLogger - Using 'UTF-8' encoding to copy filtered resources.
2015-10-08 14:19:50,442 [Worker-112] INFO  o.e.m.c.i.embedder.EclipseLogger - skip non existing resourceDirectory D:\JT\valgri_java_2015\se01\src\main\resources
2015-10-08 14:19:50,445 [Worker-112] INFO  o.e.m.c.i.embedder.EclipseLogger - Using 'UTF-8' encoding to copy filtered resources.
2015-10-08 14:19:50,445 [Worker-112] INFO  o.e.m.c.i.embedder.EclipseLogger - skip non existing resourceDirectory D:\JT\valgri_java_2015\se01\src\test\resources
2015-10-08 14:21:25,011 [Worker-114] INFO  o.e.m.c.i.embedder.EclipseLogger - Using 'UTF-8' encoding to copy filtered resources.
2015-10-08 14:21:25,012 [Worker-114] INFO  o.e.m.c.i.embedder.EclipseLogger - skip non existing resourceDirectory D:\JT\valgri_java_2015\se01\src\main\resources
2015-10-08 14:21:25,014 [Worker-114] INFO  o.e.m.c.i.embedder.EclipseLogger - Using 'UTF-8' encoding to copy filtered resources.
2015-10-08 14:21:25,014 [Worker-114] INFO  o.e.m.c.i.embedder.EclipseLogger - skip non existing resourceDirectory D:\JT\valgri_java_2015\se01\src\test\resources
2015-10-08 14:25:52,233 [Worker-114] INFO  o.e.m.c.i.embedder.EclipseLogger - Using 'UTF-8' encoding to copy filtered resources.
2015-10-08 14:25:52,233 [Worker-114] INFO  o.e.m.c.i.embedder.EclipseLogger - skip non existing resourceDirectory D:\JT\valgri_java_2015\se01\src\main\resources
2015-10-08 14:25:52,236 [Worker-114] INFO  o.e.m.c.i.embedder.EclipseLogger - Using 'UTF-8' encoding to copy filtered resources.
2015-10-08 14:25:52,236 [Worker-114] INFO  o.e.m.c.i.embedder.EclipseLogger - skip non existing resourceDirectory D:\JT\valgri_java_2015\se01\src\test\resources
2015-10-08 14:26:39,229 [Worker-118] INFO  o.e.m.c.i.embedder.EclipseLogger - Using 'UTF-8' encoding to copy filtered resources.
2015-10-08 14:26:39,230 [Worker-118] INFO  o.e.m.c.i.embedder.EclipseLogger - skip non existing resourceDirectory D:\JT\valgri_java_2015\se01\src\main\resources
2015-10-08 14:26:39,232 [Worker-118] INFO  o.e.m.c.i.embedder.EclipseLogger - Using 'UTF-8' encoding to copy filtered resources.
2015-10-08 14:26:39,232 [Worker-118] INFO  o.e.m.c.i.embedder.EclipseLogger - skip non existing resourceDirectory D:\JT\valgri_java_2015\se01\src\test\resources
2015-10-08 14:36:17,328 [Worker-112] INFO  o.e.m.c.i.embedder.EclipseLogger - Using 'UTF-8' encoding to copy filtered resources.
2015-10-08 14:36:17,329 [Worker-112] INFO  o.e.m.c.i.embedder.EclipseLogger - skip non existing resourceDirectory D:\JT\valgri_java_2015\se01\src\main\resources
2015-10-08 14:36:17,331 [Worker-112] INFO  o.e.m.c.i.embedder.EclipseLogger - Using 'UTF-8' encoding to copy filtered resources.
2015-10-08 14:36:17,331 [Worker-112] INFO  o.e.m.c.i.embedder.EclipseLogger - skip non existing resourceDirectory D:\JT\valgri_java_2015\se01\src\test\resources
2015-10-08 14:39:37,648 [Worker-113] INFO  o.e.m.c.i.embedder.EclipseLogger - Using 'UTF-8' encoding to copy filtered resources.
2015-10-08 14:39:37,649 [Worker-113] INFO  o.e.m.c.i.embedder.EclipseLogger - skip non existing resourceDirectory D:\JT\valgri_java_2015\se01\src\main\resources
2015-10-08 14:39:37,651 [Worker-113] INFO  o.e.m.c.i.embedder.EclipseLogger - Using 'UTF-8' encoding to copy filtered resources.
2015-10-08 14:39:37,651 [Worker-113] INFO  o.e.m.c.i.embedder.EclipseLogger - skip non existing resourceDirectory D:\JT\valgri_java_2015\se01\src\test\resources
2015-10-08 14:40:41,671 [Worker-114] INFO  o.e.m.c.i.embedder.EclipseLogger - Using 'UTF-8' encoding to copy filtered resources.
2015-10-08 14:40:41,671 [Worker-114] INFO  o.e.m.c.i.embedder.EclipseLogger - skip non existing resourceDirectory D:\JT\valgri_java_2015\se01\src\main\resources
2015-10-08 14:40:41,674 [Worker-114] INFO  o.e.m.c.i.embedder.EclipseLogger - Using 'UTF-8' encoding to copy filtered resources.
2015-10-08 14:40:41,674 [Worker-114] INFO  o.e.m.c.i.embedder.EclipseLogger - skip non existing resourceDirectory D:\JT\valgri_java_2015\se01\src\test\resources
2015-10-08 14:42:24,855 [Worker-112] INFO  o.e.m.c.i.embedder.EclipseLogger - Using 'UTF-8' encoding to copy filtered resources.
2015-10-08 14:42:24,855 [Worker-112] INFO  o.e.m.c.i.embedder.EclipseLogger - skip non existing resourceDirectory D:\JT\valgri_java_2015\se01\src\main\resources
2015-10-08 14:42:24,860 [Worker-112] INFO  o.e.m.c.i.embedder.EclipseLogger - Using 'UTF-8' encoding to copy filtered resources.
2015-10-08 14:42:24,861 [Worker-112] INFO  o.e.m.c.i.embedder.EclipseLogger - skip non existing resourceDirectory D:\JT\valgri_java_2015\se01\src\test\resources
2015-10-08 14:43:30,394 [Worker-114] INFO  o.e.m.c.i.embedder.EclipseLogger - Using 'UTF-8' encoding to copy filtered resources.
2015-10-08 14:43:30,398 [Worker-114] INFO  o.e.m.c.i.embedder.EclipseLogger - skip non existing resourceDirectory D:\JT\valgri_java_2015\se01\src\main\resources
2015-10-08 14:43:30,400 [Worker-114] INFO  o.e.m.c.i.embedder.EclipseLogger - Using 'UTF-8' encoding to copy filtered resources.
2015-10-08 14:43:30,400 [Worker-114] INFO  o.e.m.c.i.embedder.EclipseLogger - skip non existing resourceDirectory D:\JT\valgri_java_2015\se01\src\test\resources
2015-10-08 14:44:36,616 [Worker-112] INFO  o.e.m.c.i.embedder.EclipseLogger - Using 'UTF-8' encoding to copy filtered resources.
2015-10-08 14:44:36,617 [Worker-112] INFO  o.e.m.c.i.embedder.EclipseLogger - skip non existing resourceDirectory D:\JT\valgri_java_2015\se01\src\main\resources
2015-10-08 14:44:36,619 [Worker-112] INFO  o.e.m.c.i.embedder.EclipseLogger - Using 'UTF-8' encoding to copy filtered resources.
2015-10-08 14:44:36,619 [Worker-112] INFO  o.e.m.c.i.embedder.EclipseLogger - skip non existing resourceDirectory D:\JT\valgri_java_2015\se01\src\test\resources
2015-10-08 14:45:55,771 [Worker-112] INFO  o.e.m.c.i.embedder.EclipseLogger - Using 'UTF-8' encoding to copy filtered resources.
2015-10-08 14:45:55,771 [Worker-112] INFO  o.e.m.c.i.embedder.EclipseLogger - skip non existing resourceDirectory D:\JT\valgri_java_2015\se01\src\main\resources
2015-10-08 14:45:55,773 [Worker-112] INFO  o.e.m.c.i.embedder.EclipseLogger - Using 'UTF-8' encoding to copy filtered resources.
2015-10-08 14:45:55,773 [Worker-112] INFO  o.e.m.c.i.embedder.EclipseLogger - skip non existing resourceDirectory D:\JT\valgri_java_2015\se01\src\test\resources
2015-10-08 14:46:35,981 [Worker-123] INFO  o.e.m.c.i.embedder.EclipseLogger - Using 'UTF-8' encoding to copy filtered resources.
2015-10-08 14:46:35,981 [Worker-123] INFO  o.e.m.c.i.embedder.EclipseLogger - skip non existing resourceDirectory D:\JT\valgri_java_2015\se01\src\main\resources
2015-10-08 14:46:35,984 [Worker-123] INFO  o.e.m.c.i.embedder.EclipseLogger - Using 'UTF-8' encoding to copy filtered resources.
2015-10-08 14:46:35,985 [Worker-123] INFO  o.e.m.c.i.embedder.EclipseLogger - skip non existing resourceDirectory D:\JT\valgri_java_2015\se01\src\test\resources
2015-10-08 14:47:29,686 [Worker-114] INFO  o.e.m.c.i.embedder.EclipseLogger - Using 'UTF-8' encoding to copy filtered resources.
2015-10-08 14:47:29,686 [Worker-114] INFO  o.e.m.c.i.embedder.EclipseLogger - skip non existing resourceDirectory D:\JT\valgri_java_2015\se01\src\main\resources
2015-10-08 14:47:29,688 [Worker-114] INFO  o.e.m.c.i.embedder.EclipseLogger - Using 'UTF-8' encoding to copy filtered resources.
2015-10-08 14:47:29,688 [Worker-114] INFO  o.e.m.c.i.embedder.EclipseLogger - skip non existing resourceDirectory D:\JT\valgri_java_2015\se01\src\test\resources
2015-10-09 14:25:28,084 [Worker-8] INFO  o.e.m.c.i.embedder.EclipseLogger - Using 'UTF-8' encoding to copy filtered resources.
2015-10-09 14:25:28,112 [Worker-8] INFO  o.e.m.c.i.embedder.EclipseLogger - skip non existing resourceDirectory D:\JT\valgri_java_2015\se01\src\main\resources
2015-10-09 14:25:28,120 [Worker-8] INFO  o.e.m.c.i.embedder.EclipseLogger - Using 'UTF-8' encoding to copy filtered resources.
2015-10-09 14:25:28,121 [Worker-8] INFO  o.e.m.c.i.embedder.EclipseLogger - skip non existing resourceDirectory D:\JT\valgri_java_2015\se01\src\test\resources
2015-10-09 14:28:32,311 [Worker-11] INFO  o.e.m.c.i.p.ProjectConfigurationManager - Collecting project info '/pom.xml' D:\JT\valgri_java_2015\SE01wordpad6\pom.xml
2015-10-09 14:28:37,533 [Worker-11] INFO  o.e.m.c.i.l.LifecycleMappingFactory - Using org.eclipse.m2e.jdt.JarLifecycleMapping lifecycle mapping for MavenProject: by.epam.grodno.trainig.2015.val.gri:SE01wordpad6:0.0.1-SNAPSHOT @ D:\JT\valgri_java_2015\SE01wordpad6\pom.xml.
2015-10-09 14:28:38,111 [Worker-11] INFO  o.e.m.j.i.AbstractJavaProjectConfigurator - Adding source folder /SE01wordpad6/src/main/java
2015-10-09 14:28:38,121 [Worker-11] INFO  o.e.m.j.i.AbstractJavaProjectConfigurator - Adding source folder /SE01wordpad6/src/test/java
2015-10-09 14:28:38,427 [Worker-11] INFO  o.e.m.c.i.p.ProjectConfigurationManager - Imported and configured 1 project(s) in 6 sec
2015-10-09 14:28:40,822 [Worker-1] INFO  o.e.m.c.i.embedder.EclipseLogger - Using 'UTF-8' encoding to copy filtered resources.
2015-10-09 14:28:40,823 [Worker-1] INFO  o.e.m.c.i.embedder.EclipseLogger - skip non existing resourceDirectory D:\JT\valgri_java_2015\SE01wordpad6\src\main\resources
2015-10-09 14:28:40,827 [Worker-1] INFO  o.e.m.c.i.embedder.EclipseLogger - Using 'UTF-8' encoding to copy filtered resources.
2015-10-09 14:28:40,840 [Worker-1] INFO  o.e.m.c.i.embedder.EclipseLogger - skip non existing resourceDirectory D:\JT\valgri_java_2015\SE01wordpad6\src\test\resources
2015-10-09 14:32:08,183 [Worker-9] INFO  o.e.m.c.i.embedder.EclipseLogger - Using 'UTF-8' encoding to copy filtered resources.
2015-10-09 14:32:08,184 [Worker-9] INFO  o.e.m.c.i.embedder.EclipseLogger - skip non existing resourceDirectory D:\JT\valgri_java_2015\SE01wordpad6\src\main\resources
2015-10-09 14:32:08,187 [Worker-9] INFO  o.e.m.c.i.embedder.EclipseLogger - Using 'UTF-8' encoding to copy filtered resources.
2015-10-09 14:32:08,188 [Worker-9] INFO  o.e.m.c.i.embedder.EclipseLogger - skip non existing resourceDirectory D:\JT\valgri_java_2015\SE01wordpad6\src\test\resources
2015-10-09 14:49:10,206 [Worker-20] INFO  o.e.m.c.i.embedder.EclipseLogger - Using 'UTF-8' encoding to copy filtered resources.
2015-10-09 14:49:10,207 [Worker-20] INFO  o.e.m.c.i.embedder.EclipseLogger - skip non existing resourceDirectory D:\JT\valgri_java_2015\SE01wordpad6\src\main\resources
2015-10-09 14:49:10,210 [Worker-20] INFO  o.e.m.c.i.embedder.EclipseLogger - Using 'UTF-8' encoding to copy filtered resources.
2015-10-09 14:49:10,211 [Worker-20] INFO  o.e.m.c.i.embedder.EclipseLogger - skip non existing resourceDirectory D:\JT\valgri_java_2015\SE01wordpad6\src\test\resources
2015-10-09 14:51:34,082 [Worker-18] INFO  o.e.m.c.i.embedder.EclipseLogger - Using 'UTF-8' encoding to copy filtered resources.
2015-10-09 14:51:34,082 [Worker-18] INFO  o.e.m.c.i.embedder.EclipseLogger - skip non existing resourceDirectory D:\JT\valgri_java_2015\SE01wordpad6\src\main\resources
2015-10-09 14:51:34,085 [Worker-18] INFO  o.e.m.c.i.embedder.EclipseLogger - Using 'UTF-8' encoding to copy filtered resources.
2015-10-09 14:51:34,087 [Worker-18] INFO  o.e.m.c.i.embedder.EclipseLogger - skip non existing resourceDirectory D:\JT\valgri_java_2015\SE01wordpad6\src\test\resources
2015-10-09 14:55:11,736 [Worker-24] INFO  o.e.m.c.i.embedder.EclipseLogger - Using 'UTF-8' encoding to copy filtered resources.
2015-10-09 14:55:11,737 [Worker-24] INFO  o.e.m.c.i.embedder.EclipseLogger - skip non existing resourceDirectory D:\JT\valgri_java_2015\SE01wordpad6\src\main\resources
2015-10-09 14:55:11,740 [Worker-24] INFO  o.e.m.c.i.embedder.EclipseLogger - Using 'UTF-8' encoding to copy filtered resources.
2015-10-09 14:55:11,741 [Worker-24] INFO  o.e.m.c.i.embedder.EclipseLogger - skip non existing resourceDirectory D:\JT\valgri_java_2015\SE01wordpad6\src\test\resources
2015-10-09 14:59:15,825 [Worker-22] INFO  o.e.m.c.i.embedder.EclipseLogger - Using 'UTF-8' encoding to copy filtered resources.
2015-10-09 14:59:15,825 [Worker-22] INFO  o.e.m.c.i.embedder.EclipseLogger - skip non existing resourceDirectory D:\JT\valgri_java_2015\SE01wordpad6\src\main\resources
2015-10-09 14:59:15,833 [Worker-22] INFO  o.e.m.c.i.embedder.EclipseLogger - Using 'UTF-8' encoding to copy filtered resources.
2015-10-09 14:59:15,834 [Worker-22] INFO  o.e.m.c.i.embedder.EclipseLogger - skip non existing resourceDirectory D:\JT\valgri_java_2015\SE01wordpad6\src\test\resources
2015-10-09 15:29:12,893 [Worker-32] INFO  o.e.m.c.i.embedder.EclipseLogger - Using 'UTF-8' encoding to copy filtered resources.
2015-10-09 15:29:12,894 [Worker-32] INFO  o.e.m.c.i.embedder.EclipseLogger - skip non existing resourceDirectory D:\JT\valgri_java_2015\SE01wordpad6\src\main\resources
2015-10-09 15:29:12,897 [Worker-32] INFO  o.e.m.c.i.embedder.EclipseLogger - Using 'UTF-8' encoding to copy filtered resources.
2015-10-09 15:29:12,897 [Worker-32] INFO  o.e.m.c.i.embedder.EclipseLogger - skip non existing resourceDirectory D:\JT\valgri_java_2015\SE01wordpad6\src\test\resources
2015-10-09 15:29:49,443 [Worker-30] INFO  o.e.m.c.i.embedder.EclipseLogger - Using 'UTF-8' encoding to copy filtered resources.
2015-10-09 15:29:49,444 [Worker-30] INFO  o.e.m.c.i.embedder.EclipseLogger - skip non existing resourceDirectory D:\JT\valgri_java_2015\SE01wordpad6\src\main\resources
2015-10-09 15:29:49,447 [Worker-30] INFO  o.e.m.c.i.embedder.EclipseLogger - Using 'UTF-8' encoding to copy filtered resources.
2015-10-09 15:29:49,447 [Worker-30] INFO  o.e.m.c.i.embedder.EclipseLogger - skip non existing resourceDirectory D:\JT\valgri_java_2015\SE01wordpad6\src\test\resources
2015-10-09 15:30:18,987 [Worker-36] INFO  o.e.m.c.i.embedder.EclipseLogger - Using 'UTF-8' encoding to copy filtered resources.
2015-10-09 15:30:18,988 [Worker-36] INFO  o.e.m.c.i.embedder.EclipseLogger - skip non existing resourceDirectory D:\JT\valgri_java_2015\SE01wordpad6\src\main\resources
2015-10-09 15:30:18,991 [Worker-36] INFO  o.e.m.c.i.embedder.EclipseLogger - Using 'UTF-8' encoding to copy filtered resources.
2015-10-09 15:30:18,992 [Worker-36] INFO  o.e.m.c.i.embedder.EclipseLogger - skip non existing resourceDirectory D:\JT\valgri_java_2015\SE01wordpad6\src\test\resources
2015-10-09 15:36:10,676 [Worker-32] INFO  o.e.m.c.i.embedder.EclipseLogger - Using 'UTF-8' encoding to copy filtered resources.
2015-10-09 15:36:10,677 [Worker-32] INFO  o.e.m.c.i.embedder.EclipseLogger - skip non existing resourceDirectory D:\JT\valgri_java_2015\SE01wordpad6\src\main\resources
2015-10-09 15:36:10,683 [Worker-32] INFO  o.e.m.c.i.embedder.EclipseLogger - Using 'UTF-8' encoding to copy filtered resources.
2015-10-09 15:36:10,684 [Worker-32] INFO  o.e.m.c.i.embedder.EclipseLogger - skip non existing resourceDirectory D:\JT\valgri_java_2015\SE01wordpad6\src\test\resources
2015-10-11 17:34:44,182 [Worker-24] INFO  o.e.m.c.i.embedder.EclipseLogger - Using 'UTF-8' encoding to copy filtered resources.
2015-10-11 17:34:44,227 [Worker-24] INFO  o.e.m.c.i.embedder.EclipseLogger - skip non existing resourceDirectory D:\JT\valgri_java_2015\SE01wordpad6\src\main\resources
2015-10-11 17:34:44,232 [Worker-24] INFO  o.e.m.c.i.embedder.EclipseLogger - Using 'UTF-8' encoding to copy filtered resources.
2015-10-11 17:34:44,233 [Worker-24] INFO  o.e.m.c.i.embedder.EclipseLogger - skip non existing resourceDirectory D:\JT\valgri_java_2015\SE01wordpad6\src\test\resources
2015-10-11 17:35:09,669 [Worker-24] INFO  o.e.m.c.i.embedder.EclipseLogger - Using 'UTF-8' encoding to copy filtered resources.
2015-10-11 17:35:09,670 [Worker-24] INFO  o.e.m.c.i.embedder.EclipseLogger - skip non existing resourceDirectory D:\JT\valgri_java_2015\SE01wordpad6\src\main\resources
2015-10-11 17:35:09,674 [Worker-24] INFO  o.e.m.c.i.embedder.EclipseLogger - Using 'UTF-8' encoding to copy filtered resources.
2015-10-11 17:35:09,675 [Worker-24] INFO  o.e.m.c.i.embedder.EclipseLogger - skip non existing resourceDirectory D:\JT\valgri_java_2015\SE01wordpad6\src\test\resources
2015-10-11 17:46:19,604 [Worker-24] INFO  o.e.m.c.i.embedder.EclipseLogger - Using 'UTF-8' encoding to copy filtered resources.
2015-10-11 17:46:19,605 [Worker-24] INFO  o.e.m.c.i.embedder.EclipseLogger - skip non existing resourceDirectory D:\JT\valgri_java_2015\SE01wordpad6\src\main\resources
2015-10-11 17:46:19,607 [Worker-24] INFO  o.e.m.c.i.embedder.EclipseLogger - Using 'UTF-8' encoding to copy filtered resources.
2015-10-11 17:46:19,607 [Worker-24] INFO  o.e.m.c.i.embedder.EclipseLogger - skip non existing resourceDirectory D:\JT\valgri_java_2015\SE01wordpad6\src\test\resources
2015-10-11 17:47:38,206 [Worker-40] INFO  o.e.m.c.i.embedder.EclipseLogger - Using 'UTF-8' encoding to copy filtered resources.
2015-10-11 17:47:38,207 [Worker-40] INFO  o.e.m.c.i.embedder.EclipseLogger - skip non existing resourceDirectory D:\JT\valgri_java_2015\SE01wordpad6\src\main\resources
2015-10-11 17:47:38,210 [Worker-40] INFO  o.e.m.c.i.embedder.EclipseLogger - Using 'UTF-8' encoding to copy filtered resources.
2015-10-11 17:47:38,210 [Worker-40] INFO  o.e.m.c.i.embedder.EclipseLogger - skip non existing resourceDirectory D:\JT\valgri_java_2015\SE01wordpad6\src\test\resources
2015-10-11 17:50:23,483 [Worker-42] INFO  o.e.m.c.i.embedder.EclipseLogger - Using 'UTF-8' encoding to copy filtered resources.
2015-10-11 17:50:23,484 [Worker-42] INFO  o.e.m.c.i.embedder.EclipseLogger - skip non existing resourceDirectory D:\JT\valgri_java_2015\SE01wordpad6\src\main\resources
2015-10-11 17:50:23,486 [Worker-42] INFO  o.e.m.c.i.embedder.EclipseLogger - Using 'UTF-8' encoding to copy filtered resources.
2015-10-11 17:50:23,487 [Worker-42] INFO  o.e.m.c.i.embedder.EclipseLogger - skip non existing resourceDirectory D:\JT\valgri_java_2015\SE01wordpad6\src\test\resources
2015-10-11 17:54:58,453 [Worker-43] INFO  o.e.m.c.i.embedder.EclipseLogger - Using 'UTF-8' encoding to copy filtered resources.
2015-10-11 17:54:58,453 [Worker-43] INFO  o.e.m.c.i.embedder.EclipseLogger - skip non existing resourceDirectory D:\JT\valgri_java_2015\SE01wordpad6\src\main\resources
2015-10-11 17:54:58,459 [Worker-43] INFO  o.e.m.c.i.embedder.EclipseLogger - Using 'UTF-8' encoding to copy filtered resources.
2015-10-11 17:54:58,459 [Worker-43] INFO  o.e.m.c.i.embedder.EclipseLogger - skip non existing resourceDirectory D:\JT\valgri_java_2015\SE01wordpad6\src\test\resources
2015-10-11 17:58:09,767 [Worker-24] INFO  o.e.m.c.i.embedder.EclipseLogger - Using 'UTF-8' encoding to copy filtered resources.
2015-10-11 17:58:09,767 [Worker-24] INFO  o.e.m.c.i.embedder.EclipseLogger - skip non existing resourceDirectory D:\JT\valgri_java_2015\SE01wordpad6\src\main\resources
2015-10-11 17:58:09,767 [Worker-24] INFO  o.e.m.c.i.embedder.EclipseLogger - Using 'UTF-8' encoding to copy filtered resources.
2015-10-11 17:58:09,767 [Worker-24] INFO  o.e.m.c.i.embedder.EclipseLogger - skip non existing resourceDirectory D:\JT\valgri_java_2015\SE01wordpad6\src\test\resources
2015-10-11 17:58:46,788 [Worker-45] INFO  o.e.m.c.i.embedder.EclipseLogger - Using 'UTF-8' encoding to copy filtered resources.
2015-10-11 17:58:46,788 [Worker-45] INFO  o.e.m.c.i.embedder.EclipseLogger - skip non existing resourceDirectory D:\JT\valgri_java_2015\SE01wordpad6\src\main\resources
2015-10-11 17:58:46,788 [Worker-45] INFO  o.e.m.c.i.embedder.EclipseLogger - Using 'UTF-8' encoding to copy filtered resources.
2015-10-11 17:58:46,788 [Worker-45] INFO  o.e.m.c.i.embedder.EclipseLogger - skip non existing resourceDirectory D:\JT\valgri_java_2015\SE01wordpad6\src\test\resources
2015-10-11 18:00:01,264 [Worker-45] INFO  o.e.m.c.i.embedder.EclipseLogger - Using 'UTF-8' encoding to copy filtered resources.
2015-10-11 18:00:01,264 [Worker-45] INFO  o.e.m.c.i.embedder.EclipseLogger - skip non existing resourceDirectory D:\JT\valgri_java_2015\SE01wordpad6\src\main\resources
2015-10-11 18:00:01,279 [Worker-45] INFO  o.e.m.c.i.embedder.EclipseLogger - Using 'UTF-8' encoding to copy filtered resources.
2015-10-11 18:00:01,279 [Worker-45] INFO  o.e.m.c.i.embedder.EclipseLogger - skip non existing resourceDirectory D:\JT\valgri_java_2015\SE01wordpad6\src\test\resources
2015-10-11 18:36:28,708 [Worker-46] INFO  o.e.m.c.i.embedder.EclipseLogger - Using 'UTF-8' encoding to copy filtered resources.
2015-10-11 18:36:28,708 [Worker-46] INFO  o.e.m.c.i.embedder.EclipseLogger - skip non existing resourceDirectory D:\JT\valgri_java_2015\SE01wordpad6\src\main\resources
2015-10-11 18:36:28,708 [Worker-46] INFO  o.e.m.c.i.embedder.EclipseLogger - Using 'UTF-8' encoding to copy filtered resources.
2015-10-11 18:36:28,708 [Worker-46] INFO  o.e.m.c.i.embedder.EclipseLogger - skip non existing resourceDirectory D:\JT\valgri_java_2015\SE01wordpad6\src\test\resources
2015-10-11 18:38:47,915 [Worker-46] INFO  o.e.m.c.i.embedder.EclipseLogger - Using 'UTF-8' encoding to copy filtered resources.
2015-10-11 18:38:47,915 [Worker-46] INFO  o.e.m.c.i.embedder.EclipseLogger - skip non existing resourceDirectory D:\JT\valgri_java_2015\SE01wordpad6\src\main\resources
2015-10-11 18:38:47,915 [Worker-46] INFO  o.e.m.c.i.embedder.EclipseLogger - Using 'UTF-8' encoding to copy filtered resources.
2015-10-11 18:38:47,915 [Worker-46] INFO  o.e.m.c.i.embedder.EclipseLogger - skip non existing resourceDirectory D:\JT\valgri_java_2015\SE01wordpad6\src\test\resources
2015-10-11 18:40:16,463 [Worker-52] INFO  o.e.m.c.i.embedder.EclipseLogger - Using 'UTF-8' encoding to copy filtered resources.
2015-10-11 18:40:16,479 [Worker-52] INFO  o.e.m.c.i.embedder.EclipseLogger - skip non existing resourceDirectory D:\JT\valgri_java_2015\SE01wordpad6\src\main\resources
2015-10-11 18:40:16,479 [Worker-52] INFO  o.e.m.c.i.embedder.EclipseLogger - Using 'UTF-8' encoding to copy filtered resources.
2015-10-11 18:40:16,479 [Worker-52] INFO  o.e.m.c.i.embedder.EclipseLogger - skip non existing resourceDirectory D:\JT\valgri_java_2015\SE01wordpad6\src\test\resources
2015-10-11 18:41:17,198 [Worker-50] INFO  o.e.m.c.i.embedder.EclipseLogger - Using 'UTF-8' encoding to copy filtered resources.
2015-10-11 18:41:17,198 [Worker-50] INFO  o.e.m.c.i.embedder.EclipseLogger - skip non existing resourceDirectory D:\JT\valgri_java_2015\SE01wordpad6\src\main\resources
2015-10-11 18:41:17,214 [Worker-50] INFO  o.e.m.c.i.embedder.EclipseLogger - Using 'UTF-8' encoding to copy filtered resources.
2015-10-11 18:41:17,214 [Worker-50] INFO  o.e.m.c.i.embedder.EclipseLogger - skip non existing resourceDirectory D:\JT\valgri_java_2015\SE01wordpad6\src\test\resources
2015-10-11 18:43:01,412 [Worker-46] INFO  o.e.m.c.i.embedder.EclipseLogger - Using 'UTF-8' encoding to copy filtered resources.
2015-10-11 18:43:01,412 [Worker-46] INFO  o.e.m.c.i.embedder.EclipseLogger - skip non existing resourceDirectory D:\JT\valgri_java_2015\SE01wordpad6\src\main\resources
2015-10-11 18:43:01,412 [Worker-46] INFO  o.e.m.c.i.embedder.EclipseLogger - Using 'UTF-8' encoding to copy filtered resources.
2015-10-11 18:43:01,412 [Worker-46] INFO  o.e.m.c.i.embedder.EclipseLogger - skip non existing resourceDirectory D:\JT\valgri_java_2015\SE01wordpad6\src\test\resources
2015-10-11 18:44:34,007 [Worker-53] INFO  o.e.m.c.i.embedder.EclipseLogger - Using 'UTF-8' encoding to copy filtered resources.
2015-10-11 18:44:34,007 [Worker-53] INFO  o.e.m.c.i.embedder.EclipseLogger - skip non existing resourceDirectory D:\JT\valgri_java_2015\SE01wordpad6\src\main\resources
2015-10-11 18:44:34,023 [Worker-53] INFO  o.e.m.c.i.embedder.EclipseLogger - Using 'UTF-8' encoding to copy filtered resources.
2015-10-11 18:44:34,023 [Worker-53] INFO  o.e.m.c.i.embedder.EclipseLogger - skip non existing resourceDirectory D:\JT\valgri_java_2015\SE01wordpad6\src\test\resources
2015-10-12 09:39:09,102 [Worker-63] INFO  o.e.m.c.i.embedder.EclipseLogger - Using 'UTF-8' encoding to copy filtered resources.
2015-10-12 09:39:09,123 [Worker-63] INFO  o.e.m.c.i.embedder.EclipseLogger - skip non existing resourceDirectory D:\JT\valgri_java_2015\SE01wordpad6\src\main\resources
2015-10-12 09:39:09,144 [Worker-63] INFO  o.e.m.c.i.embedder.EclipseLogger - Using 'UTF-8' encoding to copy filtered resources.
2015-10-12 09:39:09,145 [Worker-63] INFO  o.e.m.c.i.embedder.EclipseLogger - skip non existing resourceDirectory D:\JT\valgri_java_2015\SE01wordpad6\src\test\resources
2015-10-12 09:44:24,556 [Worker-63] INFO  o.e.m.c.i.embedder.EclipseLogger - Using 'UTF-8' encoding to copy filtered resources.
2015-10-12 09:44:24,556 [Worker-63] INFO  o.e.m.c.i.embedder.EclipseLogger - skip non existing resourceDirectory D:\JT\valgri_java_2015\SE01wordpad6\src\main\resources
2015-10-12 09:44:24,571 [Worker-63] INFO  o.e.m.c.i.embedder.EclipseLogger - Using 'UTF-8' encoding to copy filtered resources.
2015-10-12 09:44:24,571 [Worker-63] INFO  o.e.m.c.i.embedder.EclipseLogger - skip non existing resourceDirectory D:\JT\valgri_java_2015\SE01wordpad6\src\test\resources
2015-10-12 09:50:26,315 [Worker-63] INFO  o.e.m.c.i.embedder.EclipseLogger - Using 'UTF-8' encoding to copy filtered resources.
2015-10-12 09:50:26,315 [Worker-63] INFO  o.e.m.c.i.embedder.EclipseLogger - skip non existing resourceDirectory D:\JT\valgri_java_2015\SE01wordpad6\src\main\resources
2015-10-12 09:50:26,318 [Worker-63] INFO  o.e.m.c.i.embedder.EclipseLogger - Using 'UTF-8' encoding to copy filtered resources.
2015-10-12 09:50:26,319 [Worker-63] INFO  o.e.m.c.i.embedder.EclipseLogger - skip non existing resourceDirectory D:\JT\valgri_java_2015\SE01wordpad6\src\test\resources
2015-10-12 09:51:55,242 [Worker-63] INFO  o.e.m.c.i.embedder.EclipseLogger - Using 'UTF-8' encoding to copy filtered resources.
2015-10-12 09:51:55,242 [Worker-63] INFO  o.e.m.c.i.embedder.EclipseLogger - skip non existing resourceDirectory D:\JT\valgri_java_2015\SE01wordpad6\src\main\resources
2015-10-12 09:51:55,248 [Worker-63] INFO  o.e.m.c.i.embedder.EclipseLogger - Using 'UTF-8' encoding to copy filtered resources.
2015-10-12 09:51:55,275 [Worker-63] INFO  o.e.m.c.i.embedder.EclipseLogger - skip non existing resourceDirectory D:\JT\valgri_java_2015\SE01wordpad6\src\test\resources
2015-10-12 09:56:04,100 [Worker-71] INFO  o.e.m.c.i.embedder.EclipseLogger - Using 'UTF-8' encoding to copy filtered resources.
2015-10-12 09:56:04,100 [Worker-71] INFO  o.e.m.c.i.embedder.EclipseLogger - skip non existing resourceDirectory D:\JT\valgri_java_2015\SE01wordpad6\src\main\resources
2015-10-12 09:56:04,100 [Worker-71] INFO  o.e.m.c.i.embedder.EclipseLogger - Using 'UTF-8' encoding to copy filtered resources.
2015-10-12 09:56:04,100 [Worker-71] INFO  o.e.m.c.i.embedder.EclipseLogger - skip non existing resourceDirectory D:\JT\valgri_java_2015\SE01wordpad6\src\test\resources
2015-10-12 09:57:53,927 [Worker-72] INFO  o.e.m.c.i.embedder.EclipseLogger - Using 'UTF-8' encoding to copy filtered resources.
2015-10-12 09:57:53,927 [Worker-72] INFO  o.e.m.c.i.embedder.EclipseLogger - skip non existing resourceDirectory D:\JT\valgri_java_2015\SE01wordpad6\src\main\resources
2015-10-12 09:57:53,927 [Worker-72] INFO  o.e.m.c.i.embedder.EclipseLogger - Using 'UTF-8' encoding to copy filtered resources.
2015-10-12 09:57:53,927 [Worker-72] INFO  o.e.m.c.i.embedder.EclipseLogger - skip non existing resourceDirectory D:\JT\valgri_java_2015\SE01wordpad6\src\test\resources
2015-10-12 09:59:31,309 [Worker-73] INFO  o.e.m.c.i.embedder.EclipseLogger - Using 'UTF-8' encoding to copy filtered resources.
2015-10-12 09:59:31,309 [Worker-73] INFO  o.e.m.c.i.embedder.EclipseLogger - skip non existing resourceDirectory D:\JT\valgri_java_2015\SE01wordpad6\src\main\resources
2015-10-12 09:59:31,311 [Worker-73] INFO  o.e.m.c.i.embedder.EclipseLogger - Using 'UTF-8' encoding to copy filtered resources.
2015-10-12 09:59:31,312 [Worker-73] INFO  o.e.m.c.i.embedder.EclipseLogger - skip non existing resourceDirectory D:\JT\valgri_java_2015\SE01wordpad6\src\test\resources
2015-10-12 10:07:36,607 [Worker-71] INFO  o.e.m.c.i.embedder.EclipseLogger - Using 'UTF-8' encoding to copy filtered resources.
2015-10-12 10:07:36,614 [Worker-71] INFO  o.e.m.c.i.embedder.EclipseLogger - skip non existing resourceDirectory D:\JT\valgri_java_2015\SE01wordpad6\src\main\resources
2015-10-12 10:07:36,619 [Worker-71] INFO  o.e.m.c.i.embedder.EclipseLogger - Using 'UTF-8' encoding to copy filtered resources.
2015-10-12 10:07:36,620 [Worker-71] INFO  o.e.m.c.i.embedder.EclipseLogger - skip non existing resourceDirectory D:\JT\valgri_java_2015\SE01wordpad6\src\test\resources
2015-10-12 10:09:12,545 [Worker-72] INFO  o.e.m.c.i.embedder.EclipseLogger - Using 'UTF-8' encoding to copy filtered resources.
2015-10-12 10:09:12,545 [Worker-72] INFO  o.e.m.c.i.embedder.EclipseLogger - skip non existing resourceDirectory D:\JT\valgri_java_2015\SE01wordpad6\src\main\resources
2015-10-12 10:09:12,545 [Worker-72] INFO  o.e.m.c.i.embedder.EclipseLogger - Using 'UTF-8' encoding to copy filtered resources.
2015-10-12 10:09:12,545 [Worker-72] INFO  o.e.m.c.i.embedder.EclipseLogger - skip non existing resourceDirectory D:\JT\valgri_java_2015\SE01wordpad6\src\test\resources
2015-10-12 10:10:10,063 [Worker-63] INFO  o.e.m.c.i.embedder.EclipseLogger - Using 'UTF-8' encoding to copy filtered resources.
2015-10-12 10:10:10,063 [Worker-63] INFO  o.e.m.c.i.embedder.EclipseLogger - skip non existing resourceDirectory D:\JT\valgri_java_2015\SE01wordpad6\src\main\resources
2015-10-12 10:10:10,065 [Worker-63] INFO  o.e.m.c.i.embedder.EclipseLogger - Using 'UTF-8' encoding to copy filtered resources.
2015-10-12 10:10:10,065 [Worker-63] INFO  o.e.m.c.i.embedder.EclipseLogger - skip non existing resourceDirectory D:\JT\valgri_java_2015\SE01wordpad6\src\test\resources
2015-10-12 10:13:12,777 [Worker-72] INFO  o.e.m.c.i.embedder.EclipseLogger - Using 'UTF-8' encoding to copy filtered resources.
2015-10-12 10:13:12,777 [Worker-72] INFO  o.e.m.c.i.embedder.EclipseLogger - skip non existing resourceDirectory D:\JT\valgri_java_2015\SE01wordpad6\src\main\resources
2015-10-12 10:13:12,792 [Worker-72] INFO  o.e.m.c.i.embedder.EclipseLogger - Using 'UTF-8' encoding to copy filtered resources.
2015-10-12 10:13:12,793 [Worker-72] INFO  o.e.m.c.i.embedder.EclipseLogger - skip non existing resourceDirectory D:\JT\valgri_java_2015\SE01wordpad6\src\test\resources
2015-10-12 10:15:28,268 [Worker-78] INFO  o.e.m.c.i.embedder.EclipseLogger - Using 'UTF-8' encoding to copy filtered resources.
2015-10-12 10:15:28,268 [Worker-78] INFO  o.e.m.c.i.embedder.EclipseLogger - skip non existing resourceDirectory D:\JT\valgri_java_2015\SE01wordpad6\src\main\resources
2015-10-12 10:15:28,268 [Worker-78] INFO  o.e.m.c.i.embedder.EclipseLogger - Using 'UTF-8' encoding to copy filtered resources.
2015-10-12 10:15:28,268 [Worker-78] INFO  o.e.m.c.i.embedder.EclipseLogger - skip non existing resourceDirectory D:\JT\valgri_java_2015\SE01wordpad6\src\test\resources
2015-10-12 10:16:41,561 [Worker-78] INFO  o.e.m.c.i.embedder.EclipseLogger - Using 'UTF-8' encoding to copy filtered resources.
2015-10-12 10:16:41,561 [Worker-78] INFO  o.e.m.c.i.embedder.EclipseLogger - skip non existing resourceDirectory D:\JT\valgri_java_2015\SE01wordpad6\src\main\resources
2015-10-12 10:16:41,564 [Worker-78] INFO  o.e.m.c.i.embedder.EclipseLogger - Using 'UTF-8' encoding to copy filtered resources.
2015-10-12 10:16:41,565 [Worker-78] INFO  o.e.m.c.i.embedder.EclipseLogger - skip non existing resourceDirectory D:\JT\valgri_java_2015\SE01wordpad6\src\test\resources
2015-10-12 10:25:27,618 [Worker-85] INFO  o.e.m.c.i.embedder.EclipseLogger - Using 'UTF-8' encoding to copy filtered resources.
2015-10-12 10:25:27,619 [Worker-85] INFO  o.e.m.c.i.embedder.EclipseLogger - skip non existing resourceDirectory D:\JT\valgri_java_2015\SE01wordpad6\src\main\resources
2015-10-12 10:25:27,621 [Worker-85] INFO  o.e.m.c.i.embedder.EclipseLogger - Using 'UTF-8' encoding to copy filtered resources.
2015-10-12 10:25:27,621 [Worker-85] INFO  o.e.m.c.i.embedder.EclipseLogger - skip non existing resourceDirectory D:\JT\valgri_java_2015\SE01wordpad6\src\test\resources
2015-10-12 10:32:07,351 [Worker-84] INFO  o.e.m.c.i.embedder.EclipseLogger - Using 'UTF-8' encoding to copy filtered resources.
2015-10-12 10:32:07,351 [Worker-84] INFO  o.e.m.c.i.embedder.EclipseLogger - skip non existing resourceDirectory D:\JT\valgri_java_2015\SE01wordpad6\src\main\resources
2015-10-12 10:32:07,351 [Worker-84] INFO  o.e.m.c.i.embedder.EclipseLogger - Using 'UTF-8' encoding to copy filtered resources.
2015-10-12 10:32:07,351 [Worker-84] INFO  o.e.m.c.i.embedder.EclipseLogger - skip non existing resourceDirectory D:\JT\valgri_java_2015\SE01wordpad6\src\test\resources
2015-10-12 10:32:42,687 [Worker-84] INFO  o.e.m.c.i.embedder.EclipseLogger - Using 'UTF-8' encoding to copy filtered resources.
2015-10-12 10:32:42,687 [Worker-84] INFO  o.e.m.c.i.embedder.EclipseLogger - skip non existing resourceDirectory D:\JT\valgri_java_2015\SE01wordpad6\src\main\resources
2015-10-12 10:32:42,703 [Worker-84] INFO  o.e.m.c.i.embedder.EclipseLogger - Using 'UTF-8' encoding to copy filtered resources.
2015-10-12 10:32:42,703 [Worker-84] INFO  o.e.m.c.i.embedder.EclipseLogger - skip non existing resourceDirectory D:\JT\valgri_java_2015\SE01wordpad6\src\test\resources
2015-10-12 10:33:37,387 [Worker-86] INFO  o.e.m.c.i.embedder.EclipseLogger - Using 'UTF-8' encoding to copy filtered resources.
2015-10-12 10:33:37,387 [Worker-86] INFO  o.e.m.c.i.embedder.EclipseLogger - skip non existing resourceDirectory D:\JT\valgri_java_2015\SE01wordpad6\src\main\resources
2015-10-12 10:33:37,387 [Worker-86] INFO  o.e.m.c.i.embedder.EclipseLogger - Using 'UTF-8' encoding to copy filtered resources.
2015-10-12 10:33:37,387 [Worker-86] INFO  o.e.m.c.i.embedder.EclipseLogger - skip non existing resourceDirectory D:\JT\valgri_java_2015\SE01wordpad6\src\test\resources
2015-10-12 10:34:48,252 [Worker-87] INFO  o.e.m.c.i.embedder.EclipseLogger - Using 'UTF-8' encoding to copy filtered resources.
2015-10-12 10:34:48,267 [Worker-87] INFO  o.e.m.c.i.embedder.EclipseLogger - skip non existing resourceDirectory D:\JT\valgri_java_2015\SE01wordpad6\src\main\resources
2015-10-12 10:34:48,267 [Worker-87] INFO  o.e.m.c.i.embedder.EclipseLogger - Using 'UTF-8' encoding to copy filtered resources.
2015-10-12 10:34:48,267 [Worker-87] INFO  o.e.m.c.i.embedder.EclipseLogger - skip non existing resourceDirectory D:\JT\valgri_java_2015\SE01wordpad6\src\test\resources
2015-10-12 10:39:58,332 [Worker-87] INFO  o.e.m.c.i.embedder.EclipseLogger - Using 'UTF-8' encoding to copy filtered resources.
2015-10-12 10:39:58,332 [Worker-87] INFO  o.e.m.c.i.embedder.EclipseLogger - skip non existing resourceDirectory D:\JT\valgri_java_2015\SE01wordpad6\src\main\resources
2015-10-12 10:39:58,332 [Worker-87] INFO  o.e.m.c.i.embedder.EclipseLogger - Using 'UTF-8' encoding to copy filtered resources.
2015-10-12 10:39:58,332 [Worker-87] INFO  o.e.m.c.i.embedder.EclipseLogger - skip non existing resourceDirectory D:\JT\valgri_java_2015\SE01wordpad6\src\test\resources
2015-10-12 10:44:52,310 [Worker-87] INFO  o.e.m.c.i.embedder.EclipseLogger - Using 'UTF-8' encoding to copy filtered resources.
2015-10-12 10:44:52,310 [Worker-87] INFO  o.e.m.c.i.embedder.EclipseLogger - skip non existing resourceDirectory D:\JT\valgri_java_2015\SE01wordpad6\src\main\resources
2015-10-12 10:44:52,310 [Worker-87] INFO  o.e.m.c.i.embedder.EclipseLogger - Using 'UTF-8' encoding to copy filtered resources.
2015-10-12 10:44:52,310 [Worker-87] INFO  o.e.m.c.i.embedder.EclipseLogger - skip non existing resourceDirectory D:\JT\valgri_java_2015\SE01wordpad6\src\test\resources
2015-10-12 11:00:27,817 [Worker-92] INFO  o.e.m.c.i.embedder.EclipseLogger - Using 'UTF-8' encoding to copy filtered resources.
2015-10-12 11:00:27,818 [Worker-92] INFO  o.e.m.c.i.embedder.EclipseLogger - skip non existing resourceDirectory D:\JT\valgri_java_2015\SE01wordpad6\src\main\resources
2015-10-12 11:00:27,820 [Worker-92] INFO  o.e.m.c.i.embedder.EclipseLogger - Using 'UTF-8' encoding to copy filtered resources.
2015-10-12 11:00:27,820 [Worker-92] INFO  o.e.m.c.i.embedder.EclipseLogger - skip non existing resourceDirectory D:\JT\valgri_java_2015\SE01wordpad6\src\test\resources
2015-10-12 12:55:38,496 [Worker-91] INFO  o.e.m.c.i.embedder.EclipseLogger - Using 'UTF-8' encoding to copy filtered resources.
2015-10-12 12:55:38,496 [Worker-91] INFO  o.e.m.c.i.embedder.EclipseLogger - skip non existing resourceDirectory D:\JT\valgri_java_2015\SE01wordpad6\src\main\resources
2015-10-12 12:55:38,498 [Worker-91] INFO  o.e.m.c.i.embedder.EclipseLogger - Using 'UTF-8' encoding to copy filtered resources.
2015-10-12 12:55:38,498 [Worker-91] INFO  o.e.m.c.i.embedder.EclipseLogger - skip non existing resourceDirectory D:\JT\valgri_java_2015\SE01wordpad6\src\test\resources
2015-10-12 12:55:42,071 [Worker-91] INFO  o.e.m.c.i.embedder.EclipseLogger - Using 'UTF-8' encoding to copy filtered resources.
2015-10-12 12:55:42,071 [Worker-91] INFO  o.e.m.c.i.embedder.EclipseLogger - skip non existing resourceDirectory D:\JT\valgri_java_2015\SE01wordpad6\src\main\resources
2015-10-12 12:55:42,073 [Worker-91] INFO  o.e.m.c.i.embedder.EclipseLogger - Using 'UTF-8' encoding to copy filtered resources.
2015-10-12 12:55:42,073 [Worker-91] INFO  o.e.m.c.i.embedder.EclipseLogger - skip non existing resourceDirectory D:\JT\valgri_java_2015\SE01wordpad6\src\test\resources
2015-10-12 21:57:39,884 [Worker-133] INFO  o.e.m.c.i.embedder.EclipseLogger - Using 'UTF-8' encoding to copy filtered resources.
2015-10-12 21:57:39,926 [Worker-133] INFO  o.e.m.c.i.embedder.EclipseLogger - skip non existing resourceDirectory D:\JT\valgri_java_2015\SE01wordpad6\src\main\resources
2015-10-12 21:57:39,946 [Worker-133] INFO  o.e.m.c.i.embedder.EclipseLogger - Using 'UTF-8' encoding to copy filtered resources.
2015-10-12 21:57:39,946 [Worker-133] INFO  o.e.m.c.i.embedder.EclipseLogger - skip non existing resourceDirectory D:\JT\valgri_java_2015\SE01wordpad6\src\test\resources
2015-10-12 22:04:12,805 [Worker-135] INFO  o.e.m.c.i.embedder.EclipseLogger - Using 'UTF-8' encoding to copy filtered resources.
2015-10-12 22:04:12,805 [Worker-135] INFO  o.e.m.c.i.embedder.EclipseLogger - skip non existing resourceDirectory D:\JT\valgri_java_2015\SE01wordpad6\src\main\resources
2015-10-12 22:04:12,805 [Worker-135] INFO  o.e.m.c.i.embedder.EclipseLogger - Using 'UTF-8' encoding to copy filtered resources.
2015-10-12 22:04:12,805 [Worker-135] INFO  o.e.m.c.i.embedder.EclipseLogger - skip non existing resourceDirectory D:\JT\valgri_java_2015\SE01wordpad6\src\test\resources
2015-10-12 22:05:47,236 [Worker-139] INFO  o.e.m.c.i.embedder.EclipseLogger - Using 'UTF-8' encoding to copy filtered resources.
2015-10-12 22:05:47,236 [Worker-139] INFO  o.e.m.c.i.embedder.EclipseLogger - skip non existing resourceDirectory D:\JT\valgri_java_2015\SE01wordpad6\src\main\resources
2015-10-12 22:05:47,236 [Worker-139] INFO  o.e.m.c.i.embedder.EclipseLogger - Using 'UTF-8' encoding to copy filtered resources.
2015-10-12 22:05:47,236 [Worker-139] INFO  o.e.m.c.i.embedder.EclipseLogger - skip non existing resourceDirectory D:\JT\valgri_java_2015\SE01wordpad6\src\test\resources
2015-10-12 22:06:01,085 [Worker-135] INFO  o.e.m.c.i.embedder.EclipseLogger - Using 'UTF-8' encoding to copy filtered resources.
2015-10-12 22:06:01,085 [Worker-135] INFO  o.e.m.c.i.embedder.EclipseLogger - skip non existing resourceDirectory D:\JT\valgri_java_2015\SE01wordpad6\src\main\resources
2015-10-12 22:06:01,085 [Worker-135] INFO  o.e.m.c.i.embedder.EclipseLogger - Using 'UTF-8' encoding to copy filtered resources.
2015-10-12 22:06:01,085 [Worker-135] INFO  o.e.m.c.i.embedder.EclipseLogger - skip non existing resourceDirectory D:\JT\valgri_java_2015\SE01wordpad6\src\test\resources
2015-10-12 22:08:12,377 [Worker-138] INFO  o.e.m.c.i.embedder.EclipseLogger - Using 'UTF-8' encoding to copy filtered resources.
2015-10-12 22:08:12,377 [Worker-138] INFO  o.e.m.c.i.embedder.EclipseLogger - skip non existing resourceDirectory D:\JT\valgri_java_2015\SE01wordpad6\src\main\resources
2015-10-12 22:08:12,377 [Worker-138] INFO  o.e.m.c.i.embedder.EclipseLogger - Using 'UTF-8' encoding to copy filtered resources.
2015-10-12 22:08:12,377 [Worker-138] INFO  o.e.m.c.i.embedder.EclipseLogger - skip non existing resourceDirectory D:\JT\valgri_java_2015\SE01wordpad6\src\test\resources
2015-10-12 22:19:54,463 [Worker-139] INFO  o.e.m.c.i.embedder.EclipseLogger - Using 'UTF-8' encoding to copy filtered resources.
2015-10-12 22:19:54,463 [Worker-139] INFO  o.e.m.c.i.embedder.EclipseLogger - skip non existing resourceDirectory D:\JT\valgri_java_2015\SE01wordpad6\src\main\resources
2015-10-12 22:19:54,463 [Worker-139] INFO  o.e.m.c.i.embedder.EclipseLogger - Using 'UTF-8' encoding to copy filtered resources.
2015-10-12 22:19:54,463 [Worker-139] INFO  o.e.m.c.i.embedder.EclipseLogger - skip non existing resourceDirectory D:\JT\valgri_java_2015\SE01wordpad6\src\test\resources
2015-10-12 22:21:10,985 [Worker-139] INFO  o.e.m.c.i.embedder.EclipseLogger - Using 'UTF-8' encoding to copy filtered resources.
2015-10-12 22:21:10,985 [Worker-139] INFO  o.e.m.c.i.embedder.EclipseLogger - skip non existing resourceDirectory D:\JT\valgri_java_2015\SE01wordpad6\src\main\resources
2015-10-12 22:21:11,001 [Worker-139] INFO  o.e.m.c.i.embedder.EclipseLogger - Using 'UTF-8' encoding to copy filtered resources.
2015-10-12 22:21:11,001 [Worker-139] INFO  o.e.m.c.i.embedder.EclipseLogger - skip non existing resourceDirectory D:\JT\valgri_java_2015\SE01wordpad6\src\test\resources
2015-10-12 22:21:26,132 [Worker-139] INFO  o.e.m.c.i.embedder.EclipseLogger - Using 'UTF-8' encoding to copy filtered resources.
2015-10-12 22:21:26,132 [Worker-139] INFO  o.e.m.c.i.embedder.EclipseLogger - skip non existing resourceDirectory D:\JT\valgri_java_2015\SE01wordpad6\src\main\resources
2015-10-12 22:21:26,132 [Worker-139] INFO  o.e.m.c.i.embedder.EclipseLogger - Using 'UTF-8' encoding to copy filtered resources.
2015-10-12 22:21:26,132 [Worker-139] INFO  o.e.m.c.i.embedder.EclipseLogger - skip non existing resourceDirectory D:\JT\valgri_java_2015\SE01wordpad6\src\test\resources
2015-10-12 22:25:25,049 [Worker-139] INFO  o.e.m.c.i.embedder.EclipseLogger - Using 'UTF-8' encoding to copy filtered resources.
2015-10-12 22:25:25,049 [Worker-139] INFO  o.e.m.c.i.embedder.EclipseLogger - skip non existing resourceDirectory D:\JT\valgri_java_2015\SE01wordpad6\src\main\resources
2015-10-12 22:25:25,049 [Worker-139] INFO  o.e.m.c.i.embedder.EclipseLogger - Using 'UTF-8' encoding to copy filtered resources.
2015-10-12 22:25:25,049 [Worker-139] INFO  o.e.m.c.i.embedder.EclipseLogger - skip non existing resourceDirectory D:\JT\valgri_java_2015\SE01wordpad6\src\test\resources
2015-10-12 22:26:32,744 [Worker-144] INFO  o.e.m.c.i.embedder.EclipseLogger - Using 'UTF-8' encoding to copy filtered resources.
2015-10-12 22:26:32,744 [Worker-144] INFO  o.e.m.c.i.embedder.EclipseLogger - skip non existing resourceDirectory D:\JT\valgri_java_2015\SE01wordpad6\src\main\resources
2015-10-12 22:26:32,744 [Worker-144] INFO  o.e.m.c.i.embedder.EclipseLogger - Using 'UTF-8' encoding to copy filtered resources.
2015-10-12 22:26:32,744 [Worker-144] INFO  o.e.m.c.i.embedder.EclipseLogger - skip non existing resourceDirectory D:\JT\valgri_java_2015\SE01wordpad6\src\test\resources
2015-10-15 09:59:27,634 [Worker-5] INFO  o.e.m.c.i.p.ProjectConfigurationManager - Collecting project info '/pom.xml' D:\JT\valgri_java_2015\se02\pom.xml
2015-10-15 09:59:34,074 [Worker-5] INFO  o.e.m.c.i.l.LifecycleMappingFactory - Using org.eclipse.m2e.jdt.JarLifecycleMapping lifecycle mapping for MavenProject: by.epam.grodno.trainig.2015.val.gri:se02:0.0.1-SNAPSHOT @ D:\JT\valgri_java_2015\se02\pom.xml.
2015-10-15 09:59:37,754 [Worker-5] INFO  o.e.m.j.i.AbstractJavaProjectConfigurator - Adding source folder /se02/src/main/java
2015-10-15 09:59:37,767 [Worker-5] INFO  o.e.m.j.i.AbstractJavaProjectConfigurator - Adding source folder /se02/src/test/java
2015-10-15 09:59:38,375 [Worker-5] INFO  o.e.m.c.i.p.ProjectConfigurationManager - Imported and configured 1 project(s) in 10 sec
2015-10-15 09:59:41,366 [Worker-11] INFO  o.e.m.c.i.embedder.EclipseLogger - Using 'UTF-8' encoding to copy filtered resources.
2015-10-15 09:59:41,367 [Worker-11] INFO  o.e.m.c.i.embedder.EclipseLogger - skip non existing resourceDirectory D:\JT\valgri_java_2015\se02\src\main\resources
2015-10-15 09:59:41,370 [Worker-11] INFO  o.e.m.c.i.embedder.EclipseLogger - Using 'UTF-8' encoding to copy filtered resources.
2015-10-15 09:59:41,370 [Worker-11] INFO  o.e.m.c.i.embedder.EclipseLogger - skip non existing resourceDirectory D:\JT\valgri_java_2015\se02\src\test\resources
2015-10-15 10:00:35,489 [Worker-9] INFO  o.e.m.c.i.embedder.EclipseLogger - Using 'UTF-8' encoding to copy filtered resources.
2015-10-15 10:00:35,490 [Worker-9] INFO  o.e.m.c.i.embedder.EclipseLogger - skip non existing resourceDirectory D:\JT\valgri_java_2015\se02\src\main\resources
2015-10-15 10:00:35,494 [Worker-9] INFO  o.e.m.c.i.embedder.EclipseLogger - Using 'UTF-8' encoding to copy filtered resources.
2015-10-15 10:00:35,495 [Worker-9] INFO  o.e.m.c.i.embedder.EclipseLogger - skip non existing resourceDirectory D:\JT\valgri_java_2015\se02\src\test\resources
2015-10-15 13:58:48,458 [Worker-29] INFO  o.e.m.c.i.embedder.EclipseLogger - Using 'UTF-8' encoding to copy filtered resources.
2015-10-15 13:58:48,460 [Worker-29] INFO  o.e.m.c.i.embedder.EclipseLogger - skip non existing resourceDirectory D:\JT\valgri_java_2015\se02\src\main\resources
2015-10-15 13:58:48,466 [Worker-29] INFO  o.e.m.c.i.embedder.EclipseLogger - Using 'UTF-8' encoding to copy filtered resources.
2015-10-15 13:58:48,468 [Worker-29] INFO  o.e.m.c.i.embedder.EclipseLogger - skip non existing resourceDirectory D:\JT\valgri_java_2015\se02\src\test\resources
2015-10-15 14:00:33,672 [Worker-29] INFO  o.e.m.c.i.embedder.EclipseLogger - Using 'UTF-8' encoding to copy filtered resources.
2015-10-15 14:00:33,672 [Worker-29] INFO  o.e.m.c.i.embedder.EclipseLogger - skip non existing resourceDirectory D:\JT\valgri_java_2015\se02\src\main\resources
2015-10-15 14:00:33,676 [Worker-29] INFO  o.e.m.c.i.embedder.EclipseLogger - Using 'UTF-8' encoding to copy filtered resources.
2015-10-15 14:00:33,678 [Worker-29] INFO  o.e.m.c.i.embedder.EclipseLogger - skip non existing resourceDirectory D:\JT\valgri_java_2015\se02\src\test\resources
2015-10-15 14:01:49,614 [Worker-37] INFO  o.e.m.c.i.embedder.EclipseLogger - Using 'UTF-8' encoding to copy filtered resources.
2015-10-15 14:01:49,615 [Worker-37] INFO  o.e.m.c.i.embedder.EclipseLogger - skip non existing resourceDirectory D:\JT\valgri_java_2015\se02\src\main\resources
2015-10-15 14:01:49,626 [Worker-37] INFO  o.e.m.c.i.embedder.EclipseLogger - Using 'UTF-8' encoding to copy filtered resources.
2015-10-15 14:01:49,627 [Worker-37] INFO  o.e.m.c.i.embedder.EclipseLogger - skip non existing resourceDirectory D:\JT\valgri_java_2015\se02\src\test\resources
2015-10-15 14:02:20,075 [Worker-29] INFO  o.e.m.c.i.embedder.EclipseLogger - Using 'UTF-8' encoding to copy filtered resources.
2015-10-15 14:02:20,076 [Worker-29] INFO  o.e.m.c.i.embedder.EclipseLogger - skip non existing resourceDirectory D:\JT\valgri_java_2015\se02\src\main\resources
2015-10-15 14:02:20,078 [Worker-29] INFO  o.e.m.c.i.embedder.EclipseLogger - Using 'UTF-8' encoding to copy filtered resources.
2015-10-15 14:02:20,079 [Worker-29] INFO  o.e.m.c.i.embedder.EclipseLogger - skip non existing resourceDirectory D:\JT\valgri_java_2015\se02\src\test\resources
2015-10-15 14:02:48,547 [Worker-38] INFO  o.e.m.c.i.embedder.EclipseLogger - Using 'UTF-8' encoding to copy filtered resources.
2015-10-15 14:02:48,552 [Worker-38] INFO  o.e.m.c.i.embedder.EclipseLogger - skip non existing resourceDirectory D:\JT\valgri_java_2015\se02\src\main\resources
2015-10-15 14:02:48,557 [Worker-38] INFO  o.e.m.c.i.embedder.EclipseLogger - Using 'UTF-8' encoding to copy filtered resources.
2015-10-15 14:02:48,559 [Worker-38] INFO  o.e.m.c.i.embedder.EclipseLogger - skip non existing resourceDirectory D:\JT\valgri_java_2015\se02\src\test\resources
2015-10-15 22:05:56,529 [Worker-54] INFO  o.e.m.c.i.embedder.EclipseLogger - Using 'UTF-8' encoding to copy filtered resources.
2015-10-15 22:05:56,625 [Worker-54] INFO  o.e.m.c.i.embedder.EclipseLogger - skip non existing resourceDirectory D:\JT\valgri_java_2015\se02\src\main\resources
2015-10-15 22:05:56,628 [Worker-54] INFO  o.e.m.c.i.embedder.EclipseLogger - Using 'UTF-8' encoding to copy filtered resources.
2015-10-15 22:05:56,629 [Worker-54] INFO  o.e.m.c.i.embedder.EclipseLogger - skip non existing resourceDirectory D:\JT\valgri_java_2015\se02\src\test\resources
2015-10-15 22:09:54,128 [Worker-54] INFO  o.e.m.c.i.embedder.EclipseLogger - Using 'UTF-8' encoding to copy filtered resources.
2015-10-15 22:09:54,129 [Worker-54] INFO  o.e.m.c.i.embedder.EclipseLogger - skip non existing resourceDirectory D:\JT\valgri_java_2015\se02\src\main\resources
2015-10-15 22:09:54,131 [Worker-54] INFO  o.e.m.c.i.embedder.EclipseLogger - Using 'UTF-8' encoding to copy filtered resources.
2015-10-15 22:09:54,132 [Worker-54] INFO  o.e.m.c.i.embedder.EclipseLogger - skip non existing resourceDirectory D:\JT\valgri_java_2015\se02\src\test\resources
2015-10-15 22:16:40,304 [Worker-55] INFO  o.e.m.c.i.embedder.EclipseLogger - Using 'UTF-8' encoding to copy filtered resources.
2015-10-15 22:16:40,305 [Worker-55] INFO  o.e.m.c.i.embedder.EclipseLogger - skip non existing resourceDirectory D:\JT\valgri_java_2015\se02\src\main\resources
2015-10-15 22:16:40,308 [Worker-55] INFO  o.e.m.c.i.embedder.EclipseLogger - Using 'UTF-8' encoding to copy filtered resources.
2015-10-15 22:16:40,309 [Worker-55] INFO  o.e.m.c.i.embedder.EclipseLogger - skip non existing resourceDirectory D:\JT\valgri_java_2015\se02\src\test\resources
2015-10-19 18:19:46,841 [Worker-18] INFO  o.e.m.c.i.embedder.EclipseLogger - Using 'UTF-8' encoding to copy filtered resources.
2015-10-19 18:19:46,997 [Worker-18] INFO  o.e.m.c.i.embedder.EclipseLogger - skip non existing resourceDirectory D:\JT\valgri_java_2015\SE01wordpad6\src\main\resources
2015-10-19 18:19:47,002 [Worker-18] INFO  o.e.m.c.i.embedder.EclipseLogger - Using 'UTF-8' encoding to copy filtered resources.
2015-10-19 18:19:47,002 [Worker-18] INFO  o.e.m.c.i.embedder.EclipseLogger - skip non existing resourceDirectory D:\JT\valgri_java_2015\SE01wordpad6\src\test\resources
2015-10-19 18:19:49,913 [Worker-18] INFO  o.e.m.c.i.embedder.EclipseLogger - Using 'UTF-8' encoding to copy filtered resources.
2015-10-19 18:19:49,914 [Worker-18] INFO  o.e.m.c.i.embedder.EclipseLogger - skip non existing resourceDirectory D:\JT\valgri_java_2015\se01\src\main\resources
2015-10-19 18:19:49,918 [Worker-18] INFO  o.e.m.c.i.embedder.EclipseLogger - Using 'UTF-8' encoding to copy filtered resources.
2015-10-19 18:19:49,918 [Worker-18] INFO  o.e.m.c.i.embedder.EclipseLogger - skip non existing resourceDirectory D:\JT\valgri_java_2015\se01\src\test\resources
2015-10-19 18:19:58,607 [Worker-18] INFO  o.e.m.c.i.l.LifecycleMappingFactory - Using org.eclipse.m2e.jdt.JarLifecycleMapping lifecycle mapping for MavenProject: by.epam.grodno.trainig.2015.val.gri:se02:0.0.1-SNAPSHOT @ D:\JT\valgri_java_2015\se02\pom.xml.
2015-10-19 18:20:01,316 [Worker-18] INFO  o.e.m.c.i.embedder.EclipseLogger - Using 'UTF-8' encoding to copy filtered resources.
2015-10-19 18:20:01,316 [Worker-18] INFO  o.e.m.c.i.embedder.EclipseLogger - skip non existing resourceDirectory D:\JT\valgri_java_2015\se02\src\main\resources
2015-10-19 18:20:01,319 [Worker-18] INFO  o.e.m.c.i.embedder.EclipseLogger - Using 'UTF-8' encoding to copy filtered resources.
2015-10-19 18:20:01,319 [Worker-18] INFO  o.e.m.c.i.embedder.EclipseLogger - skip non existing resourceDirectory D:\JT\valgri_java_2015\se02\src\test\resources
2015-10-21 16:32:53,329 [Worker-3] INFO  o.e.m.c.i.embedder.EclipseLogger - Using 'UTF-8' encoding to copy filtered resources.
2015-10-21 16:32:53,367 [Worker-3] INFO  o.e.m.c.i.embedder.EclipseLogger - skip non existing resourceDirectory D:\JT\valgri_java_2015\SE01wordpad6\src\main\resources
2015-10-21 16:32:53,371 [Worker-3] INFO  o.e.m.c.i.embedder.EclipseLogger - Using 'UTF-8' encoding to copy filtered resources.
2015-10-21 16:32:53,421 [Worker-3] INFO  o.e.m.c.i.embedder.EclipseLogger - skip non existing resourceDirectory D:\JT\valgri_java_2015\SE01wordpad6\src\test\resources
2015-10-21 16:32:55,129 [Worker-3] INFO  o.e.m.c.i.embedder.EclipseLogger - Using 'UTF-8' encoding to copy filtered resources.
2015-10-21 16:32:55,130 [Worker-3] INFO  o.e.m.c.i.embedder.EclipseLogger - skip non existing resourceDirectory D:\JT\valgri_java_2015\se01\src\main\resources
2015-10-21 16:32:55,135 [Worker-3] INFO  o.e.m.c.i.embedder.EclipseLogger - Using 'UTF-8' encoding to copy filtered resources.
2015-10-21 16:32:55,153 [Worker-3] INFO  o.e.m.c.i.embedder.EclipseLogger - skip non existing resourceDirectory D:\JT\valgri_java_2015\se01\src\test\resources
2015-10-21 16:32:55,342 [Worker-3] INFO  o.e.m.c.i.embedder.EclipseLogger - Using 'UTF-8' encoding to copy filtered resources.
2015-10-21 16:32:55,343 [Worker-3] INFO  o.e.m.c.i.embedder.EclipseLogger - skip non existing resourceDirectory D:\JT\valgri_java_2015\se02\src\main\resources
2015-10-21 16:32:55,347 [Worker-3] INFO  o.e.m.c.i.embedder.EclipseLogger - Using 'UTF-8' encoding to copy filtered resources.
2015-10-21 16:32:55,392 [Worker-3] INFO  o.e.m.c.i.embedder.EclipseLogger - skip non existing resourceDirectory D:\JT\valgri_java_2015\se02\src\test\resources
2015-10-21 17:06:30,526 [Worker-17] INFO  o.e.m.c.i.embedder.EclipseLogger - Using 'UTF-8' encoding to copy filtered resources.
2015-10-21 17:06:30,532 [Worker-17] INFO  o.e.m.c.i.embedder.EclipseLogger - skip non existing resourceDirectory D:\JT\valgri_java_2015\se02\src\main\resources
2015-10-21 17:06:30,537 [Worker-17] INFO  o.e.m.c.i.embedder.EclipseLogger - Using 'UTF-8' encoding to copy filtered resources.
2015-10-21 17:06:30,537 [Worker-17] INFO  o.e.m.c.i.embedder.EclipseLogger - skip non existing resourceDirectory D:\JT\valgri_java_2015\se02\src\test\resources
2015-10-21 17:14:40,228 [Worker-23] INFO  o.e.m.c.i.embedder.EclipseLogger - Using 'UTF-8' encoding to copy filtered resources.
2015-10-21 17:14:40,229 [Worker-23] INFO  o.e.m.c.i.embedder.EclipseLogger - skip non existing resourceDirectory D:\JT\valgri_java_2015\se02\src\main\resources
2015-10-21 17:14:40,233 [Worker-23] INFO  o.e.m.c.i.embedder.EclipseLogger - Using 'UTF-8' encoding to copy filtered resources.
2015-10-21 17:14:40,234 [Worker-23] INFO  o.e.m.c.i.embedder.EclipseLogger - skip non existing resourceDirectory D:\JT\valgri_java_2015\se02\src\test\resources
2015-10-21 17:16:00,412 [Worker-20] INFO  o.e.m.c.i.embedder.EclipseLogger - Using 'UTF-8' encoding to copy filtered resources.
2015-10-21 17:16:00,413 [Worker-20] INFO  o.e.m.c.i.embedder.EclipseLogger - skip non existing resourceDirectory D:\JT\valgri_java_2015\se02\src\main\resources
2015-10-21 17:16:00,457 [Worker-20] INFO  o.e.m.c.i.embedder.EclipseLogger - Using 'UTF-8' encoding to copy filtered resources.
2015-10-21 17:16:00,458 [Worker-20] INFO  o.e.m.c.i.embedder.EclipseLogger - skip non existing resourceDirectory D:\JT\valgri_java_2015\se02\src\test\resources
2015-10-21 20:26:46,324 [Worker-28] INFO  o.e.m.c.i.embedder.EclipseLogger - Using 'UTF-8' encoding to copy filtered resources.
2015-10-21 20:26:46,325 [Worker-28] INFO  o.e.m.c.i.embedder.EclipseLogger - skip non existing resourceDirectory D:\JT\valgri_java_2015\se02\src\main\resources
2015-10-21 20:26:46,327 [Worker-28] INFO  o.e.m.c.i.embedder.EclipseLogger - Using 'UTF-8' encoding to copy filtered resources.
2015-10-21 20:26:46,347 [Worker-28] INFO  o.e.m.c.i.embedder.EclipseLogger - skip non existing resourceDirectory D:\JT\valgri_java_2015\se02\src\test\resources
2015-10-21 23:18:22,950 [Worker-30] INFO  o.e.m.c.i.embedder.EclipseLogger - Using 'UTF-8' encoding to copy filtered resources.
2015-10-21 23:18:22,950 [Worker-30] INFO  o.e.m.c.i.embedder.EclipseLogger - skip non existing resourceDirectory D:\JT\valgri_java_2015\se02\src\main\resources
2015-10-21 23:18:22,952 [Worker-30] INFO  o.e.m.c.i.embedder.EclipseLogger - Using 'UTF-8' encoding to copy filtered resources.
2015-10-21 23:18:22,952 [Worker-30] INFO  o.e.m.c.i.embedder.EclipseLogger - skip non existing resourceDirectory D:\JT\valgri_java_2015\se02\src\test\resources
2015-10-22 11:14:17,906 [Worker-41] INFO  o.e.m.c.i.embedder.EclipseLogger - Using 'UTF-8' encoding to copy filtered resources.
2015-10-22 11:14:18,141 [Worker-41] INFO  o.e.m.c.i.embedder.EclipseLogger - skip non existing resourceDirectory D:\JT\valgri_java_2015\se02\src\main\resources
2015-10-22 11:14:18,145 [Worker-41] INFO  o.e.m.c.i.embedder.EclipseLogger - Using 'UTF-8' encoding to copy filtered resources.
2015-10-22 11:14:18,146 [Worker-41] INFO  o.e.m.c.i.embedder.EclipseLogger - skip non existing resourceDirectory D:\JT\valgri_java_2015\se02\src\test\resources
2015-10-22 11:19:52,967 [Worker-42] INFO  o.e.m.c.i.embedder.EclipseLogger - Using 'UTF-8' encoding to copy filtered resources.
2015-10-22 11:19:52,968 [Worker-42] INFO  o.e.m.c.i.embedder.EclipseLogger - skip non existing resourceDirectory D:\JT\valgri_java_2015\se02\src\main\resources
2015-10-22 11:19:52,971 [Worker-42] INFO  o.e.m.c.i.embedder.EclipseLogger - Using 'UTF-8' encoding to copy filtered resources.
2015-10-22 11:19:52,972 [Worker-42] INFO  o.e.m.c.i.embedder.EclipseLogger - skip non existing resourceDirectory D:\JT\valgri_java_2015\se02\src\test\resources
2015-10-22 12:25:45,834 [Worker-46] INFO  o.e.m.c.i.embedder.EclipseLogger - Using 'UTF-8' encoding to copy filtered resources.
2015-10-22 12:25:45,838 [Worker-46] INFO  o.e.m.c.i.embedder.EclipseLogger - skip non existing resourceDirectory D:\JT\valgri_java_2015\se02\src\main\resources
2015-10-22 12:25:45,841 [Worker-46] INFO  o.e.m.c.i.embedder.EclipseLogger - Using 'UTF-8' encoding to copy filtered resources.
2015-10-22 12:25:45,846 [Worker-46] INFO  o.e.m.c.i.embedder.EclipseLogger - skip non existing resourceDirectory D:\JT\valgri_java_2015\se02\src\test\resources
2015-10-22 13:58:38,246 [Worker-45] INFO  o.e.m.c.i.embedder.EclipseLogger - Using 'UTF-8' encoding to copy filtered resources.
2015-10-22 13:58:38,247 [Worker-45] INFO  o.e.m.c.i.embedder.EclipseLogger - skip non existing resourceDirectory D:\JT\valgri_java_2015\se02\src\main\resources
2015-10-22 13:58:38,250 [Worker-45] INFO  o.e.m.c.i.embedder.EclipseLogger - Using 'UTF-8' encoding to copy filtered resources.
2015-10-22 13:58:38,250 [Worker-45] INFO  o.e.m.c.i.embedder.EclipseLogger - skip non existing resourceDirectory D:\JT\valgri_java_2015\se02\src\test\resources
2015-10-22 13:58:41,437 [Worker-52] INFO  o.e.m.c.i.embedder.EclipseLogger - Using 'UTF-8' encoding to copy filtered resources.
2015-10-22 13:58:41,438 [Worker-52] INFO  o.e.m.c.i.embedder.EclipseLogger - skip non existing resourceDirectory D:\JT\valgri_java_2015\se02\src\main\resources
2015-10-22 13:58:41,440 [Worker-52] INFO  o.e.m.c.i.embedder.EclipseLogger - Using 'UTF-8' encoding to copy filtered resources.
2015-10-22 13:58:41,440 [Worker-52] INFO  o.e.m.c.i.embedder.EclipseLogger - skip non existing resourceDirectory D:\JT\valgri_java_2015\se02\src\test\resources
2015-10-22 13:58:43,919 [Worker-53] INFO  o.e.m.c.i.embedder.EclipseLogger - Using 'UTF-8' encoding to copy filtered resources.
2015-10-22 13:58:43,919 [Worker-53] INFO  o.e.m.c.i.embedder.EclipseLogger - skip non existing resourceDirectory D:\JT\valgri_java_2015\se02\src\main\resources
2015-10-22 13:58:43,922 [Worker-53] INFO  o.e.m.c.i.embedder.EclipseLogger - Using 'UTF-8' encoding to copy filtered resources.
2015-10-22 13:58:43,923 [Worker-53] INFO  o.e.m.c.i.embedder.EclipseLogger - skip non existing resourceDirectory D:\JT\valgri_java_2015\se02\src\test\resources
2015-10-22 13:58:46,895 [Worker-40] INFO  o.e.m.c.i.embedder.EclipseLogger - Using 'UTF-8' encoding to copy filtered resources.
2015-10-22 13:58:46,895 [Worker-40] INFO  o.e.m.c.i.embedder.EclipseLogger - skip non existing resourceDirectory D:\JT\valgri_java_2015\se02\src\main\resources
2015-10-22 13:58:46,898 [Worker-40] INFO  o.e.m.c.i.embedder.EclipseLogger - Using 'UTF-8' encoding to copy filtered resources.
2015-10-22 13:58:46,899 [Worker-40] INFO  o.e.m.c.i.embedder.EclipseLogger - skip non existing resourceDirectory D:\JT\valgri_java_2015\se02\src\test\resources
2015-10-22 14:28:32,588 [Worker-48] INFO  o.e.m.c.i.embedder.EclipseLogger - Using 'UTF-8' encoding to copy filtered resources.
2015-10-22 14:28:32,591 [Worker-48] INFO  o.e.m.c.i.embedder.EclipseLogger - skip non existing resourceDirectory D:\JT\valgri_java_2015\se02\src\main\resources
2015-10-22 14:28:32,596 [Worker-48] INFO  o.e.m.c.i.embedder.EclipseLogger - Using 'UTF-8' encoding to copy filtered resources.
2015-10-22 14:28:32,596 [Worker-48] INFO  o.e.m.c.i.embedder.EclipseLogger - skip non existing resourceDirectory D:\JT\valgri_java_2015\se02\src\test\resources
2015-10-22 14:29:42,749 [Worker-54] INFO  o.e.m.c.i.embedder.EclipseLogger - Using 'UTF-8' encoding to copy filtered resources.
2015-10-22 14:29:42,749 [Worker-54] INFO  o.e.m.c.i.embedder.EclipseLogger - skip non existing resourceDirectory D:\JT\valgri_java_2015\se02\src\main\resources
2015-10-22 14:29:42,751 [Worker-54] INFO  o.e.m.c.i.embedder.EclipseLogger - Using 'UTF-8' encoding to copy filtered resources.
2015-10-22 14:29:42,752 [Worker-54] INFO  o.e.m.c.i.embedder.EclipseLogger - skip non existing resourceDirectory D:\JT\valgri_java_2015\se02\src\test\resources
2015-10-22 15:11:54,448 [Worker-54] INFO  o.e.m.c.i.embedder.EclipseLogger - Using 'UTF-8' encoding to copy filtered resources.
2015-10-22 15:11:54,449 [Worker-54] INFO  o.e.m.c.i.embedder.EclipseLogger - skip non existing resourceDirectory D:\JT\valgri_java_2015\se02\src\main\resources
2015-10-22 15:11:54,452 [Worker-54] INFO  o.e.m.c.i.embedder.EclipseLogger - Using 'UTF-8' encoding to copy filtered resources.
2015-10-22 15:11:54,452 [Worker-54] INFO  o.e.m.c.i.embedder.EclipseLogger - skip non existing resourceDirectory D:\JT\valgri_java_2015\se02\src\test\resources
2015-10-22 16:38:42,116 [Worker-51] INFO  o.e.m.c.i.embedder.EclipseLogger - Using 'UTF-8' encoding to copy filtered resources.
2015-10-22 16:38:42,136 [Worker-51] INFO  o.e.m.c.i.embedder.EclipseLogger - skip non existing resourceDirectory D:\JT\valgri_java_2015\se02\src\main\resources
2015-10-22 16:38:42,142 [Worker-51] INFO  o.e.m.c.i.embedder.EclipseLogger - Using 'UTF-8' encoding to copy filtered resources.
2015-10-22 16:38:42,143 [Worker-51] INFO  o.e.m.c.i.embedder.EclipseLogger - skip non existing resourceDirectory D:\JT\valgri_java_2015\se02\src\test\resources
2015-10-22 16:39:02,259 [Worker-61] INFO  o.e.m.c.i.embedder.EclipseLogger - Using 'UTF-8' encoding to copy filtered resources.
2015-10-22 16:39:02,259 [Worker-61] INFO  o.e.m.c.i.embedder.EclipseLogger - skip non existing resourceDirectory D:\JT\valgri_java_2015\se02\src\main\resources
2015-10-22 16:39:02,262 [Worker-61] INFO  o.e.m.c.i.embedder.EclipseLogger - Using 'UTF-8' encoding to copy filtered resources.
2015-10-22 16:39:02,263 [Worker-61] INFO  o.e.m.c.i.embedder.EclipseLogger - skip non existing resourceDirectory D:\JT\valgri_java_2015\se02\src\test\resources
2015-10-22 16:46:29,003 [Worker-51] INFO  o.e.m.c.i.embedder.EclipseLogger - Using 'UTF-8' encoding to copy filtered resources.
2015-10-22 16:46:29,004 [Worker-51] INFO  o.e.m.c.i.embedder.EclipseLogger - skip non existing resourceDirectory D:\JT\valgri_java_2015\se02\src\main\resources
2015-10-22 16:46:29,007 [Worker-51] INFO  o.e.m.c.i.embedder.EclipseLogger - Using 'UTF-8' encoding to copy filtered resources.
2015-10-22 16:46:29,007 [Worker-51] INFO  o.e.m.c.i.embedder.EclipseLogger - skip non existing resourceDirectory D:\JT\valgri_java_2015\se02\src\test\resources
2015-10-22 17:01:38,286 [Worker-54] INFO  o.e.m.c.i.embedder.EclipseLogger - Using 'UTF-8' encoding to copy filtered resources.
2015-10-22 17:01:38,286 [Worker-54] INFO  o.e.m.c.i.embedder.EclipseLogger - skip non existing resourceDirectory D:\JT\valgri_java_2015\se02\src\main\resources
2015-10-22 17:01:38,289 [Worker-54] INFO  o.e.m.c.i.embedder.EclipseLogger - Using 'UTF-8' encoding to copy filtered resources.
2015-10-22 17:01:38,290 [Worker-54] INFO  o.e.m.c.i.embedder.EclipseLogger - skip non existing resourceDirectory D:\JT\valgri_java_2015\se02\src\test\resources
2015-10-22 17:02:13,525 [Worker-54] INFO  o.e.m.c.i.embedder.EclipseLogger - Using 'UTF-8' encoding to copy filtered resources.
2015-10-22 17:02:13,526 [Worker-54] INFO  o.e.m.c.i.embedder.EclipseLogger - skip non existing resourceDirectory D:\JT\valgri_java_2015\se02\src\main\resources
2015-10-22 17:02:13,530 [Worker-54] INFO  o.e.m.c.i.embedder.EclipseLogger - Using 'UTF-8' encoding to copy filtered resources.
2015-10-22 17:02:13,530 [Worker-54] INFO  o.e.m.c.i.embedder.EclipseLogger - skip non existing resourceDirectory D:\JT\valgri_java_2015\se02\src\test\resources
2015-10-22 22:10:56,209 [Worker-70] INFO  o.e.m.c.i.embedder.EclipseLogger - Using 'UTF-8' encoding to copy filtered resources.
2015-10-22 22:10:56,210 [Worker-70] INFO  o.e.m.c.i.embedder.EclipseLogger - skip non existing resourceDirectory D:\JT\valgri_java_2015\se02\src\main\resources
2015-10-22 22:10:56,214 [Worker-70] INFO  o.e.m.c.i.embedder.EclipseLogger - Using 'UTF-8' encoding to copy filtered resources.
2015-10-22 22:10:56,215 [Worker-70] INFO  o.e.m.c.i.embedder.EclipseLogger - skip non existing resourceDirectory D:\JT\valgri_java_2015\se02\src\test\resources
2015-10-22 22:11:38,294 [Worker-73] INFO  o.e.m.c.i.embedder.EclipseLogger - Using 'UTF-8' encoding to copy filtered resources.
2015-10-22 22:11:38,294 [Worker-73] INFO  o.e.m.c.i.embedder.EclipseLogger - skip non existing resourceDirectory D:\JT\valgri_java_2015\se02\src\main\resources
2015-10-22 22:11:38,297 [Worker-73] INFO  o.e.m.c.i.embedder.EclipseLogger - Using 'UTF-8' encoding to copy filtered resources.
2015-10-22 22:11:38,297 [Worker-73] INFO  o.e.m.c.i.embedder.EclipseLogger - skip non existing resourceDirectory D:\JT\valgri_java_2015\se02\src\test\resources
2015-10-22 22:11:52,174 [Worker-73] INFO  o.e.m.c.i.embedder.EclipseLogger - Using 'UTF-8' encoding to copy filtered resources.
2015-10-22 22:11:52,175 [Worker-73] INFO  o.e.m.c.i.embedder.EclipseLogger - skip non existing resourceDirectory D:\JT\valgri_java_2015\se02\src\main\resources
2015-10-22 22:11:52,178 [Worker-73] INFO  o.e.m.c.i.embedder.EclipseLogger - Using 'UTF-8' encoding to copy filtered resources.
2015-10-22 22:11:52,178 [Worker-73] INFO  o.e.m.c.i.embedder.EclipseLogger - skip non existing resourceDirectory D:\JT\valgri_java_2015\se02\src\test\resources
2015-10-23 08:48:13,454 [Worker-90] INFO  o.e.m.c.i.embedder.EclipseLogger - Using 'UTF-8' encoding to copy filtered resources.
2015-10-23 08:48:13,454 [Worker-90] INFO  o.e.m.c.i.embedder.EclipseLogger - skip non existing resourceDirectory D:\JT\valgri_java_2015\se02\src\main\resources
2015-10-23 08:48:13,458 [Worker-90] INFO  o.e.m.c.i.embedder.EclipseLogger - Using 'UTF-8' encoding to copy filtered resources.
2015-10-23 08:48:13,458 [Worker-90] INFO  o.e.m.c.i.embedder.EclipseLogger - skip non existing resourceDirectory D:\JT\valgri_java_2015\se02\src\test\resources
2015-10-23 08:55:14,026 [Worker-90] INFO  o.e.m.c.i.embedder.EclipseLogger - Using 'UTF-8' encoding to copy filtered resources.
2015-10-23 08:55:14,026 [Worker-90] INFO  o.e.m.c.i.embedder.EclipseLogger - skip non existing resourceDirectory D:\JT\valgri_java_2015\se02\src\main\resources
2015-10-23 08:55:14,028 [Worker-90] INFO  o.e.m.c.i.embedder.EclipseLogger - Using 'UTF-8' encoding to copy filtered resources.
2015-10-23 08:55:14,029 [Worker-90] INFO  o.e.m.c.i.embedder.EclipseLogger - skip non existing resourceDirectory D:\JT\valgri_java_2015\se02\src\test\resources
2015-10-23 08:56:45,314 [Worker-92] INFO  o.e.m.c.i.embedder.EclipseLogger - Using 'UTF-8' encoding to copy filtered resources.
2015-10-23 08:56:45,314 [Worker-92] INFO  o.e.m.c.i.embedder.EclipseLogger - skip non existing resourceDirectory D:\JT\valgri_java_2015\se02\src\main\resources
2015-10-23 08:56:45,328 [Worker-92] INFO  o.e.m.c.i.embedder.EclipseLogger - Using 'UTF-8' encoding to copy filtered resources.
2015-10-23 08:56:45,379 [Worker-92] INFO  o.e.m.c.i.embedder.EclipseLogger - skip non existing resourceDirectory D:\JT\valgri_java_2015\se02\src\test\resources
2015-10-23 09:11:36,653 [Worker-91] INFO  o.e.m.c.i.embedder.EclipseLogger - Using 'UTF-8' encoding to copy filtered resources.
2015-10-23 09:11:36,654 [Worker-91] INFO  o.e.m.c.i.embedder.EclipseLogger - skip non existing resourceDirectory D:\JT\valgri_java_2015\se02\src\main\resources
2015-10-23 09:11:36,657 [Worker-91] INFO  o.e.m.c.i.embedder.EclipseLogger - Using 'UTF-8' encoding to copy filtered resources.
2015-10-23 09:11:36,657 [Worker-91] INFO  o.e.m.c.i.embedder.EclipseLogger - skip non existing resourceDirectory D:\JT\valgri_java_2015\se02\src\test\resources
2015-10-23 09:14:20,027 [Worker-83] INFO  o.e.m.c.i.embedder.EclipseLogger - Using 'UTF-8' encoding to copy filtered resources.
2015-10-23 09:14:20,028 [Worker-83] INFO  o.e.m.c.i.embedder.EclipseLogger - skip non existing resourceDirectory D:\JT\valgri_java_2015\se02\src\main\resources
2015-10-23 09:14:20,031 [Worker-83] INFO  o.e.m.c.i.embedder.EclipseLogger - Using 'UTF-8' encoding to copy filtered resources.
2015-10-23 09:14:20,031 [Worker-83] INFO  o.e.m.c.i.embedder.EclipseLogger - skip non existing resourceDirectory D:\JT\valgri_java_2015\se02\src\test\resources
2015-10-23 09:19:11,497 [Worker-94] INFO  o.e.m.c.i.embedder.EclipseLogger - Using 'UTF-8' encoding to copy filtered resources.
2015-10-23 09:19:11,498 [Worker-94] INFO  o.e.m.c.i.embedder.EclipseLogger - skip non existing resourceDirectory D:\JT\valgri_java_2015\se02\src\main\resources
2015-10-23 09:19:11,500 [Worker-94] INFO  o.e.m.c.i.embedder.EclipseLogger - Using 'UTF-8' encoding to copy filtered resources.
2015-10-23 09:19:11,500 [Worker-94] INFO  o.e.m.c.i.embedder.EclipseLogger - skip non existing resourceDirectory D:\JT\valgri_java_2015\se02\src\test\resources
2015-10-23 09:19:44,985 [Worker-94] INFO  o.e.m.c.i.embedder.EclipseLogger - Using 'UTF-8' encoding to copy filtered resources.
2015-10-23 09:19:44,986 [Worker-94] INFO  o.e.m.c.i.embedder.EclipseLogger - skip non existing resourceDirectory D:\JT\valgri_java_2015\se02\src\main\resources
2015-10-23 09:19:44,988 [Worker-94] INFO  o.e.m.c.i.embedder.EclipseLogger - Using 'UTF-8' encoding to copy filtered resources.
2015-10-23 09:19:44,989 [Worker-94] INFO  o.e.m.c.i.embedder.EclipseLogger - skip non existing resourceDirectory D:\JT\valgri_java_2015\se02\src\test\resources
2015-10-23 09:28:55,954 [Worker-90] INFO  o.e.m.c.i.embedder.EclipseLogger - Using 'UTF-8' encoding to copy filtered resources.
2015-10-23 09:28:55,954 [Worker-90] INFO  o.e.m.c.i.embedder.EclipseLogger - skip non existing resourceDirectory D:\JT\valgri_java_2015\se02\src\main\resources
2015-10-23 09:28:56,009 [Worker-90] INFO  o.e.m.c.i.embedder.EclipseLogger - Using 'UTF-8' encoding to copy filtered resources.
2015-10-23 09:28:56,010 [Worker-90] INFO  o.e.m.c.i.embedder.EclipseLogger - skip non existing resourceDirectory D:\JT\valgri_java_2015\se02\src\test\resources
2015-10-23 09:43:22,516 [Worker-88] INFO  o.e.m.c.i.embedder.EclipseLogger - Using 'UTF-8' encoding to copy filtered resources.
2015-10-23 09:43:22,517 [Worker-88] INFO  o.e.m.c.i.embedder.EclipseLogger - skip non existing resourceDirectory D:\JT\valgri_java_2015\se02\src\main\resources
2015-10-23 09:43:22,525 [Worker-88] INFO  o.e.m.c.i.embedder.EclipseLogger - Using 'UTF-8' encoding to copy filtered resources.
2015-10-23 09:43:22,526 [Worker-88] INFO  o.e.m.c.i.embedder.EclipseLogger - skip non existing resourceDirectory D:\JT\valgri_java_2015\se02\src\test\resources
2015-10-23 09:44:31,507 [Worker-96] INFO  o.e.m.c.i.embedder.EclipseLogger - Using 'UTF-8' encoding to copy filtered resources.
2015-10-23 09:44:31,508 [Worker-96] INFO  o.e.m.c.i.embedder.EclipseLogger - skip non existing resourceDirectory D:\JT\valgri_java_2015\se02\src\main\resources
2015-10-23 09:44:31,510 [Worker-96] INFO  o.e.m.c.i.embedder.EclipseLogger - Using 'UTF-8' encoding to copy filtered resources.
2015-10-23 09:44:31,511 [Worker-96] INFO  o.e.m.c.i.embedder.EclipseLogger - skip non existing resourceDirectory D:\JT\valgri_java_2015\se02\src\test\resources
2015-10-23 09:44:43,361 [Worker-83] INFO  o.e.m.c.i.embedder.EclipseLogger - Using 'UTF-8' encoding to copy filtered resources.
2015-10-23 09:44:43,361 [Worker-83] INFO  o.e.m.c.i.embedder.EclipseLogger - skip non existing resourceDirectory D:\JT\valgri_java_2015\se02\src\main\resources
2015-10-23 09:44:43,363 [Worker-83] INFO  o.e.m.c.i.embedder.EclipseLogger - Using 'UTF-8' encoding to copy filtered resources.
2015-10-23 09:44:43,364 [Worker-83] INFO  o.e.m.c.i.embedder.EclipseLogger - skip non existing resourceDirectory D:\JT\valgri_java_2015\se02\src\test\resources
2015-10-23 15:26:44,824 [Worker-5] INFO  o.e.m.c.i.embedder.EclipseLogger - Using 'UTF-8' encoding to copy filtered resources.
2015-10-23 15:26:44,853 [Worker-5] INFO  o.e.m.c.i.embedder.EclipseLogger - skip non existing resourceDirectory D:\JT\valgri_java_2015\SE01wordpad6\src\main\resources
2015-10-23 15:26:44,857 [Worker-5] INFO  o.e.m.c.i.embedder.EclipseLogger - Using 'UTF-8' encoding to copy filtered resources.
2015-10-23 15:26:44,858 [Worker-5] INFO  o.e.m.c.i.embedder.EclipseLogger - skip non existing resourceDirectory D:\JT\valgri_java_2015\SE01wordpad6\src\test\resources
2015-10-23 15:26:47,270 [Worker-5] INFO  o.e.m.c.i.embedder.EclipseLogger - Using 'UTF-8' encoding to copy filtered resources.
2015-10-23 15:26:47,271 [Worker-5] INFO  o.e.m.c.i.embedder.EclipseLogger - skip non existing resourceDirectory D:\JT\valgri_java_2015\se01\src\main\resources
2015-10-23 15:26:47,274 [Worker-5] INFO  o.e.m.c.i.embedder.EclipseLogger - Using 'UTF-8' encoding to copy filtered resources.
2015-10-23 15:26:47,274 [Worker-5] INFO  o.e.m.c.i.embedder.EclipseLogger - skip non existing resourceDirectory D:\JT\valgri_java_2015\se01\src\test\resources
2015-10-23 15:26:47,633 [Worker-5] INFO  o.e.m.c.i.embedder.EclipseLogger - Using 'UTF-8' encoding to copy filtered resources.
2015-10-23 15:26:47,634 [Worker-5] INFO  o.e.m.c.i.embedder.EclipseLogger - skip non existing resourceDirectory D:\JT\valgri_java_2015\se02\src\main\resources
2015-10-23 15:26:47,636 [Worker-5] INFO  o.e.m.c.i.embedder.EclipseLogger - Using 'UTF-8' encoding to copy filtered resources.
2015-10-23 15:26:47,636 [Worker-5] INFO  o.e.m.c.i.embedder.EclipseLogger - skip non existing resourceDirectory D:\JT\valgri_java_2015\se02\src\test\resources
2015-10-23 16:37:19,328 [Worker-23] INFO  o.e.m.c.i.embedder.EclipseLogger - Using 'UTF-8' encoding to copy filtered resources.
2015-10-23 16:37:19,329 [Worker-23] INFO  o.e.m.c.i.embedder.EclipseLogger - skip non existing resourceDirectory D:\JT\valgri_java_2015\se02\src\main\resources
2015-10-23 16:37:19,333 [Worker-23] INFO  o.e.m.c.i.embedder.EclipseLogger - Using 'UTF-8' encoding to copy filtered resources.
2015-10-23 16:37:19,333 [Worker-23] INFO  o.e.m.c.i.embedder.EclipseLogger - skip non existing resourceDirectory D:\JT\valgri_java_2015\se02\src\test\resources
2015-10-23 17:56:42,228 [Worker-37] INFO  o.e.m.c.i.embedder.EclipseLogger - Using 'UTF-8' encoding to copy filtered resources.
2015-10-23 17:56:42,228 [Worker-37] INFO  o.e.m.c.i.embedder.EclipseLogger - skip non existing resourceDirectory D:\JT\valgri_java_2015\se02\src\main\resources
2015-10-23 17:56:42,232 [Worker-37] INFO  o.e.m.c.i.embedder.EclipseLogger - Using 'UTF-8' encoding to copy filtered resources.
2015-10-23 17:56:42,233 [Worker-37] INFO  o.e.m.c.i.embedder.EclipseLogger - skip non existing resourceDirectory D:\JT\valgri_java_2015\se02\src\test\resources
2015-10-24 20:28:00,003 [Worker-48] INFO  o.e.m.c.i.embedder.EclipseLogger - Using 'UTF-8' encoding to copy filtered resources.
2015-10-24 20:28:00,004 [Worker-48] INFO  o.e.m.c.i.embedder.EclipseLogger - skip non existing resourceDirectory D:\JT\valgri_java_2015\se02\src\main\resources
2015-10-24 20:28:00,008 [Worker-48] INFO  o.e.m.c.i.embedder.EclipseLogger - Using 'UTF-8' encoding to copy filtered resources.
2015-10-24 20:28:00,008 [Worker-48] INFO  o.e.m.c.i.embedder.EclipseLogger - skip non existing resourceDirectory D:\JT\valgri_java_2015\se02\src\test\resources
2015-10-24 20:28:12,098 [Worker-52] INFO  o.e.m.c.i.embedder.EclipseLogger - Using 'UTF-8' encoding to copy filtered resources.
2015-10-24 20:28:12,099 [Worker-52] INFO  o.e.m.c.i.embedder.EclipseLogger - skip non existing resourceDirectory D:\JT\valgri_java_2015\se02\src\main\resources
2015-10-24 20:28:12,101 [Worker-52] INFO  o.e.m.c.i.embedder.EclipseLogger - Using 'UTF-8' encoding to copy filtered resources.
2015-10-24 20:28:12,101 [Worker-52] INFO  o.e.m.c.i.embedder.EclipseLogger - skip non existing resourceDirectory D:\JT\valgri_java_2015\se02\src\test\resources
2015-10-24 20:49:42,156 [Worker-54] INFO  o.e.m.c.i.embedder.EclipseLogger - Using 'UTF-8' encoding to copy filtered resources.
2015-10-24 20:49:42,156 [Worker-54] INFO  o.e.m.c.i.embedder.EclipseLogger - skip non existing resourceDirectory D:\JT\valgri_java_2015\se02\src\main\resources
2015-10-24 20:49:42,159 [Worker-54] INFO  o.e.m.c.i.embedder.EclipseLogger - Using 'UTF-8' encoding to copy filtered resources.
2015-10-24 20:49:42,159 [Worker-54] INFO  o.e.m.c.i.embedder.EclipseLogger - skip non existing resourceDirectory D:\JT\valgri_java_2015\se02\src\test\resources
